This is pdfTeX, Version 3.14159265-2.6-1.40.19 (MiKTeX 2.9.6930 64-bit) (preloaded format=pdflatex 2019.1.14)  12 JUN 2019 13:36
entering extended mode
**./BSP_MA_Code_BibTeX.tex
(BSP_MA_Code_BibTeX.tex
LaTeX2e <2018-12-01>
(twbook.cls
Document Class: twbook 2013/03/25 v0.03 Standard LaTeX Dokumenten-Klasse fuer D
okumente der FH Technikum Wien

("C:\Users\julian\AppData\Local\Programs\MiKTeX 2.9\tex/latex/koma-script\scrbo
ok.cls"
Document Class: scrbook 2018/12/30 v3.26a KOMA-Script document class (book)

("C:\Users\julian\AppData\Local\Programs\MiKTeX 2.9\tex/latex/koma-script\scrkb
ase.sty"
Package: scrkbase 2018/12/30 v3.26a KOMA-Script package (KOMA-Script-dependent 
basics and keyval usage)

("C:\Users\julian\AppData\Local\Programs\MiKTeX 2.9\tex/latex/koma-script\scrba
se.sty"
Package: scrbase 2018/12/30 v3.26a KOMA-Script package (KOMA-Script-independent
 basics and keyval usage)

("C:\Users\julian\AppData\Local\Programs\MiKTeX 2.9\tex/latex/graphics\keyval.s
ty"
Package: keyval 2014/10/28 v1.15 key=value parser (DPC)
\KV@toks@=\toks14
)
("C:\Users\julian\AppData\Local\Programs\MiKTeX 2.9\tex/latex/koma-script\scrlf
ile.sty"
Package: scrlfile 2018/12/30 v3.26a KOMA-Script package (loading files)
)))
("C:\Users\julian\AppData\Local\Programs\MiKTeX 2.9\tex/latex/koma-script\tocba
sic.sty"
Package: tocbasic 2018/12/30 v3.26a KOMA-Script package (handling toc-files)
\scr@dte@tocline@numberwidth=\skip41
\scr@dte@tocline@numbox=\box27
)
Package tocbasic Info: omitting babel extension for `toc'
(tocbasic)             because of feature `nobabel' available
(tocbasic)             for `toc' on input line 136.
Class scrbook Info: File `scrsize11pt.clo' used to setup font sizes on input li
ne 2358.

("C:\Users\julian\AppData\Local\Programs\MiKTeX 2.9\tex/latex/koma-script\scrsi
ze11pt.clo"
File: scrsize11pt.clo 2018/12/30 v3.26a KOMA-Script font size class option (11p
t)
)
("C:\Users\julian\AppData\Local\Programs\MiKTeX 2.9\tex/latex/koma-script\typea
rea.sty"
Package: typearea 2018/12/30 v3.26a KOMA-Script package (type area)
\ta@bcor=\skip42
\ta@div=\count80
\ta@hblk=\skip43
\ta@vblk=\skip44
\ta@temp=\skip45
\footheight=\skip46
Package typearea Info: These are the values describing the layout:
(typearea)             DIV  = 10
(typearea)             BCOR = 0.0pt
(typearea)             \paperwidth      = 597.50793pt
(typearea)              \textwidth      = 418.25555pt
(typearea)              DIV departure   = -6%
(typearea)              \evensidemargin = 17.3562pt
(typearea)              \oddsidemargin  = 17.3562pt
(typearea)             \paperheight     = 845.04694pt
(typearea)              \textheight     = 595.80026pt
(typearea)              \topmargin      = -25.16531pt
(typearea)              \headheight     = 17.0pt
(typearea)              \headsep        = 20.40001pt
(typearea)              \topskip        = 11.0pt
(typearea)              \footskip       = 47.6pt
(typearea)              \baselineskip   = 13.6pt
(typearea)              on input line 1714.
)
\c@part=\count81
\c@chapter=\count82
\c@section=\count83
\c@subsection=\count84
\c@subsubsection=\count85
\c@paragraph=\count86
\c@subparagraph=\count87
\scr@dte@chapter@maxnumwidth=\skip47
Class scrbook Info: using compatibility default `afterindent=bysign'
(scrbook)           for `\chapter on input line 5257.
\scr@dte@section@maxnumwidth=\skip48
Class scrbook Info: using compatibility default `runin=bysign'
(scrbook)           for `\section on input line 5267.
Class scrbook Info: using compatibility default `afterindent=bysign'
(scrbook)           for `\section on input line 5267.
\scr@dte@part@maxnumwidth=\skip49
Class scrbook Info: using compatibility default `afterindent=true'
(scrbook)           for `\part on input line 5276.
\scr@dte@subsection@maxnumwidth=\skip50
Class scrbook Info: using compatibility default `runin=bysign'
(scrbook)           for `\subsection on input line 5286.
Class scrbook Info: using compatibility default `afterindent=bysign'
(scrbook)           for `\subsection on input line 5286.
\scr@dte@subsubsection@maxnumwidth=\skip51
Class scrbook Info: using compatibility default `runin=bysign'
(scrbook)           for `\subsubsection on input line 5296.
Class scrbook Info: using compatibility default `afterindent=bysign'
(scrbook)           for `\subsubsection on input line 5296.
\scr@dte@paragraph@maxnumwidth=\skip52
Class scrbook Info: using compatibility default `runin=bysign'
(scrbook)           for `\paragraph on input line 5306.
Class scrbook Info: using compatibility default `afterindent=bysign'
(scrbook)           for `\paragraph on input line 5306.
\scr@dte@subparagraph@maxnumwidth=\skip53
Class scrbook Info: using compatibility default `runin=bysign'
(scrbook)           for `\subparagraph on input line 5316.
Class scrbook Info: using compatibility default `afterindent=bysign'
(scrbook)           for `\subparagraph on input line 5316.
\abovecaptionskip=\skip54
\belowcaptionskip=\skip55
\c@pti@nb@sid@b@x=\box28
Package tocbasic Info: omitting babel extension for `lof'
(tocbasic)             because of feature `nobabel' available
(tocbasic)             for `lof' on input line 6571.
\scr@dte@figure@maxnumwidth=\skip56
\c@figure=\count88
Package tocbasic Info: omitting babel extension for `lot'
(tocbasic)             because of feature `nobabel' available
(tocbasic)             for `lot' on input line 6592.
\scr@dte@table@maxnumwidth=\skip57
\c@table=\count89
Class scrbook Info: Redefining `\numberline' on input line 6765.
\bibindent=\dimen102
)
("C:\Users\julian\AppData\Local\Programs\MiKTeX 2.9\tex/latex/koma-script\scrha
ck.sty"
Package: scrhack 2018/12/30 v3.26a KOMA-Script package 

("C:\Users\julian\AppData\Local\Programs\MiKTeX 2.9\tex/latex/xpatch\xpatch.sty
"
("C:\Users\julian\AppData\Local\Programs\MiKTeX 2.9\tex/latex/l3kernel\expl3.st
y"
Package: expl3 2019-01-01 L3 programming layer (loader) 

("C:\Users\julian\AppData\Local\Programs\MiKTeX 2.9\tex/latex/l3kernel\expl3-co
de.tex"
Package: expl3 2019-01-01 L3 programming layer (code)
\c_max_int=\count90
\l_tmpa_int=\count91
\l_tmpb_int=\count92
\g_tmpa_int=\count93
\g_tmpb_int=\count94
\g__kernel_prg_map_int=\count95
\c_log_iow=\count96
\l_iow_line_count_int=\count97
\l__iow_line_target_int=\count98
\l__iow_one_indent_int=\count99
\l__iow_indent_int=\count100
\c_zero_dim=\dimen103
\c_max_dim=\dimen104
\l_tmpa_dim=\dimen105
\l_tmpb_dim=\dimen106
\g_tmpa_dim=\dimen107
\g_tmpb_dim=\dimen108
\c_zero_skip=\skip58
\c_max_skip=\skip59
\l_tmpa_skip=\skip60
\l_tmpb_skip=\skip61
\g_tmpa_skip=\skip62
\g_tmpb_skip=\skip63
\c_zero_muskip=\muskip10
\c_max_muskip=\muskip11
\l_tmpa_muskip=\muskip12
\l_tmpb_muskip=\muskip13
\g_tmpa_muskip=\muskip14
\g_tmpb_muskip=\muskip15
\l_keys_choice_int=\count101
\l__intarray_loop_int=\count102
\c__intarray_sp_dim=\dimen109
\g__intarray_font_int=\count103
\c__fp_leading_shift_int=\count104
\c__fp_middle_shift_int=\count105
\c__fp_trailing_shift_int=\count106
\c__fp_big_leading_shift_int=\count107
\c__fp_big_middle_shift_int=\count108
\c__fp_big_trailing_shift_int=\count109
\c__fp_Bigg_leading_shift_int=\count110
\c__fp_Bigg_middle_shift_int=\count111
\c__fp_Bigg_trailing_shift_int=\count112
\c__kernel_randint_max_int=\count113
\g__fp_array_int=\count114
\l__fp_array_loop_int=\count115
\l__sort_length_int=\count116
\l__sort_min_int=\count117
\l__sort_top_int=\count118
\l__sort_max_int=\count119
\l__sort_true_max_int=\count120
\l__sort_block_int=\count121
\l__sort_begin_int=\count122
\l__sort_end_int=\count123
\l__sort_A_int=\count124
\l__sort_B_int=\count125
\l__sort_C_int=\count126
\l__tl_analysis_normal_int=\count127
\l__tl_analysis_index_int=\count128
\l__tl_analysis_nesting_int=\count129
\l__tl_analysis_type_int=\count130
\l__regex_internal_a_int=\count131
\l__regex_internal_b_int=\count132
\l__regex_internal_c_int=\count133
\l__regex_balance_int=\count134
\l__regex_group_level_int=\count135
\l__regex_mode_int=\count136
\c__regex_cs_in_class_mode_int=\count137
\c__regex_cs_mode_int=\count138
\l__regex_catcodes_int=\count139
\l__regex_default_catcodes_int=\count140
\c__regex_catcode_D_int=\count141
\c__regex_catcode_S_int=\count142
\c__regex_catcode_L_int=\count143
\c__regex_catcode_O_int=\count144
\c__regex_catcode_A_int=\count145
\c__regex_all_catcodes_int=\count146
\l__regex_show_lines_int=\count147
\l__regex_min_state_int=\count148
\l__regex_max_state_int=\count149
\l__regex_left_state_int=\count150
\l__regex_right_state_int=\count151
\l__regex_capturing_group_int=\count152
\l__regex_min_pos_int=\count153
\l__regex_max_pos_int=\count154
\l__regex_curr_pos_int=\count155
\l__regex_start_pos_int=\count156
\l__regex_success_pos_int=\count157
\l__regex_curr_char_int=\count158
\l__regex_curr_catcode_int=\count159
\l__regex_last_char_int=\count160
\l__regex_case_changed_char_int=\count161
\l__regex_curr_state_int=\count162
\l__regex_step_int=\count163
\l__regex_min_active_int=\count164
\l__regex_max_active_int=\count165
\l__regex_replacement_csnames_int=\count166
\l__regex_match_count_int=\count167
\l__regex_min_submatch_int=\count168
\l__regex_submatch_int=\count169
\l__regex_zeroth_submatch_int=\count170
\g__regex_trace_regex_int=\count171
\c_empty_box=\box29
\l_tmpa_box=\box30
\l_tmpb_box=\box31
\g_tmpa_box=\box32
\g_tmpb_box=\box33
\l__box_top_dim=\dimen110
\l__box_bottom_dim=\dimen111
\l__box_left_dim=\dimen112
\l__box_right_dim=\dimen113
\l__box_top_new_dim=\dimen114
\l__box_bottom_new_dim=\dimen115
\l__box_left_new_dim=\dimen116
\l__box_right_new_dim=\dimen117
\l__box_internal_box=\box34
\l__coffin_internal_box=\box35
\l__coffin_internal_dim=\dimen118
\l__coffin_offset_x_dim=\dimen119
\l__coffin_offset_y_dim=\dimen120
\l__coffin_x_dim=\dimen121
\l__coffin_y_dim=\dimen122
\l__coffin_x_prime_dim=\dimen123
\l__coffin_y_prime_dim=\dimen124
\c_empty_coffin=\box36
\l__coffin_aligned_coffin=\box37
\l__coffin_aligned_internal_coffin=\box38
\l_tmpa_coffin=\box39
\l_tmpb_coffin=\box40
\l__coffin_display_coffin=\box41
\l__coffin_display_coord_coffin=\box42
\l__coffin_display_pole_coffin=\box43
\l__coffin_display_offset_dim=\dimen125
\l__coffin_display_x_dim=\dimen126
\l__coffin_display_y_dim=\dimen127
\g__file_internal_ior=\read1
\l__coffin_bounding_shift_dim=\dimen128
\l__coffin_left_corner_dim=\dimen129
\l__coffin_right_corner_dim=\dimen130
\l__coffin_bottom_corner_dim=\dimen131
\l__coffin_top_corner_dim=\dimen132
\l__coffin_scaled_total_height_dim=\dimen133
\l__coffin_scaled_width_dim=\dimen134
\l__seq_internal_a_int=\count172
\l__seq_internal_b_int=\count173
)
("C:\Users\julian\AppData\Local\Programs\MiKTeX 2.9\tex/latex/l3kernel\l3pdfmod
e.def"
File: l3pdfmode.def 2019-01-01 v L3 Experimental driver: PDF mode
\l__driver_color_stack_int=\count174
))
Package: xpatch 2012/10/02 v0.3 Extending etoolbox patching commands

("C:\Users\julian\AppData\Local\Programs\MiKTeX 2.9\tex/latex/l3packages/xparse
\xparse.sty"
Package: xparse 2018-10-17 L3 Experimental document command parser
\l__xparse_current_arg_int=\count175
\g__xparse_grabber_int=\count176
\l__xparse_m_args_int=\count177
\l__xparse_mandatory_args_int=\count178
\l__xparse_v_nesting_int=\count179
)
("C:\Users\julian\AppData\Local\Programs\MiKTeX 2.9\tex/latex/etoolbox\etoolbox
.sty"
Package: etoolbox 2018/08/19 v2.5f e-TeX tools for LaTeX (JAW)
\etb@tempcnta=\count180
)))
("C:\Users\julian\AppData\Local\Programs\MiKTeX 2.9\tex/latex/graphics\color.st
y"
Package: color 2016/07/10 v1.1e Standard LaTeX Color (DPC)

("C:\Users\julian\AppData\Local\Programs\MiKTeX 2.9\tex/latex/graphics-cfg\colo
r.cfg"
File: color.cfg 2016/01/02 v1.6 sample color configuration
)
Package color Info: Driver file: pdftex.def on input line 147.

("C:\Users\julian\AppData\Local\Programs\MiKTeX 2.9\tex/latex/graphics-def\pdft
ex.def"
File: pdftex.def 2018/01/08 v1.0l Graphics/color driver for pdftex
))
("C:\Users\julian\AppData\Local\Programs\MiKTeX 2.9\tex/latex/xcolor\xcolor.sty
"
Package: xcolor 2016/05/11 v2.12 LaTeX color extensions (UK)

("C:\Users\julian\AppData\Local\Programs\MiKTeX 2.9\tex/latex/graphics-cfg\colo
r.cfg"
File: color.cfg 2016/01/02 v1.6 sample color configuration
)
Package xcolor Info: Driver file: pdftex.def on input line 225.
LaTeX Info: Redefining \color on input line 709.
Package xcolor Info: Model `cmy' substituted by `cmy0' on input line 1348.
Package xcolor Info: Model `hsb' substituted by `rgb' on input line 1352.
Package xcolor Info: Model `RGB' extended on input line 1364.
Package xcolor Info: Model `HTML' substituted by `rgb' on input line 1366.
Package xcolor Info: Model `Hsb' substituted by `hsb' on input line 1367.
Package xcolor Info: Model `tHsb' substituted by `hsb' on input line 1368.
Package xcolor Info: Model `HSB' substituted by `hsb' on input line 1369.
Package xcolor Info: Model `Gray' substituted by `gray' on input line 1370.
Package xcolor Info: Model `wave' substituted by `hsb' on input line 1371.
)
("C:\Users\julian\AppData\Local\Programs\MiKTeX 2.9\tex/latex/xifthen\xifthen.s
ty"
Package: xifthen 2015/11/05 v1.4.0 Extended ifthen features
 ("C:\Users\julian\AppData\Local\Programs\MiKTeX 2.9\tex/latex/tools\calc.sty"
Package: calc 2017/05/25 v4.3 Infix arithmetic (KKT,FJ)
\calc@Acount=\count181
\calc@Bcount=\count182
\calc@Adimen=\dimen135
\calc@Bdimen=\dimen136
\calc@Askip=\skip64
\calc@Bskip=\skip65
LaTeX Info: Redefining \setlength on input line 80.
LaTeX Info: Redefining \addtolength on input line 81.
\calc@Ccount=\count183
\calc@Cskip=\skip66
)
("C:\Users\julian\AppData\Local\Programs\MiKTeX 2.9\tex/latex/base\ifthen.sty"
Package: ifthen 2014/09/29 v1.1c Standard LaTeX ifthen package (DPC)
)
("C:\Users\julian\AppData\Local\Programs\MiKTeX 2.9\tex/latex/ifmtarg\ifmtarg.s
ty"
Package: ifmtarg 2018/04/16 v1.2b check for an empty argument
))
("C:\Users\julian\AppData\Local\Programs\MiKTeX 2.9\tex/generic/oberdiek\ifpdf.
sty"
Package: ifpdf 2018/09/07 v3.3 Provides the ifpdf switch
)
("C:\Users\julian\AppData\Local\Programs\MiKTeX 2.9\tex/latex/oberdiek\ifdraft.
sty"
Package: ifdraft 2016/05/16 v1.4 Detect class options draft and final (HO)
)
("C:\Users\julian\AppData\Local\Programs\MiKTeX 2.9\tex/latex/wallpaper\wallpap
er.sty"
Package: wallpaper 2005/01/18, v1.01 easy wallpaper formatting (MHFW)

("C:\Users\julian\AppData\Local\Programs\MiKTeX 2.9\tex/latex/eso-pic\eso-pic.s
ty"
Package: eso-pic 2018/04/12 v2.0h eso-pic (RN)

("C:\Users\julian\AppData\Local\Programs\MiKTeX 2.9\tex/generic/oberdiek\atbegs
hi.sty"
Package: atbegshi 2016/06/09 v1.18 At begin shipout hook (HO)

("C:\Users\julian\AppData\Local\Programs\MiKTeX 2.9\tex/generic/oberdiek\infwar
err.sty"
Package: infwarerr 2016/05/16 v1.4 Providing info/warning/error messages (HO)
)
("C:\Users\julian\AppData\Local\Programs\MiKTeX 2.9\tex/generic/oberdiek\ltxcmd
s.sty"
Package: ltxcmds 2016/05/16 v1.23 LaTeX kernel commands for general use (HO)
)))
("C:\Users\julian\AppData\Local\Programs\MiKTeX 2.9\tex/latex/graphics\graphicx
.sty"
Package: graphicx 2017/06/01 v1.1a Enhanced LaTeX Graphics (DPC,SPQR)

("C:\Users\julian\AppData\Local\Programs\MiKTeX 2.9\tex/latex/graphics\graphics
.sty"
Package: graphics 2017/06/25 v1.2c Standard LaTeX Graphics (DPC,SPQR)

("C:\Users\julian\AppData\Local\Programs\MiKTeX 2.9\tex/latex/graphics\trig.sty
"
Package: trig 2016/01/03 v1.10 sin cos tan (DPC)
)
("C:\Users\julian\AppData\Local\Programs\MiKTeX 2.9\tex/latex/graphics-cfg\grap
hics.cfg"
File: graphics.cfg 2016/06/04 v1.11 sample graphics configuration
)
Package graphics Info: Driver file: pdftex.def on input line 99.
)
\Gin@req@height=\dimen137
\Gin@req@width=\dimen138
)
\wpXoffset=\skip67
\wpYoffset=\skip68
\tileXoffset=\skip69
\tileYoffset=\skip70
\tilewidth=\skip71
\tileheight=\skip72
\tileX=\skip73
\tileY=\skip74
)
("C:\Users\julian\AppData\Local\Programs\MiKTeX 2.9\tex/latex/psnfss\palatino.s
ty"
Package: palatino 2005/04/12 PSNFSS-v9.2a (SPQR) 
)
("C:\Users\julian\AppData\Local\Programs\MiKTeX 2.9\tex/latex/koma-script\scrpa
ge2.sty"
Package: scrpage2 2018/12/30 v3.26a KOMA-Script package (page head and foot)


Package scrpage2 Warning: usage of obsolete package!
(scrpage2)                Package `scrpage2' is obsolete.
(scrpage2)                You should not longer use package `scrpage2'.
(scrpage2)                You should replace usage of package `scrpage2'
(scrpage2)                by `scrlayer-scrpage' on input line 52.

LaTeX Info: Redefining \pagemark on input line 180.
)
("C:\Users\julian\AppData\Local\Programs\MiKTeX 2.9\tex/latex/acronym\acronym.s
ty"
Package: acronym 2015/03/21 v1.41 Support for acronyms (Tobias Oetiker)

("C:\Users\julian\AppData\Local\Programs\MiKTeX 2.9\tex/latex/bigfoot\suffix.st
y"
Package: suffix 2006/07/15 1.5a Variant command support
)
("C:\Users\julian\AppData\Local\Programs\MiKTeX 2.9\tex/latex/xstring\xstring.s
ty"
("C:\Users\julian\AppData\Local\Programs\MiKTeX 2.9\tex/generic/xstring\xstring
.tex"
\integerpart=\count184
\decimalpart=\count185
)
Package: xstring 2018/12/09 v1.81 String manipulations (CT)
)
\AC@clearlist=\toks15
)
("C:\Users\julian\AppData\Local\Programs\MiKTeX 2.9\tex/latex/amsmath\amsmath.s
ty"
Package: amsmath 2018/12/01 v2.17b AMS math features
\@mathmargin=\skip75

For additional information on amsmath, use the `?' option.

("C:\Users\julian\AppData\Local\Programs\MiKTeX 2.9\tex/latex/amsmath\amstext.s
ty"
Package: amstext 2000/06/29 v2.01 AMS text

("C:\Users\julian\AppData\Local\Programs\MiKTeX 2.9\tex/latex/amsmath\amsgen.st
y"
File: amsgen.sty 1999/11/30 v2.0 generic functions
\@emptytoks=\toks16
\ex@=\dimen139
))
("C:\Users\julian\AppData\Local\Programs\MiKTeX 2.9\tex/latex/amsmath\amsbsy.st
y"
Package: amsbsy 1999/11/29 v1.2d Bold Symbols
\pmbraise@=\dimen140
)
("C:\Users\julian\AppData\Local\Programs\MiKTeX 2.9\tex/latex/amsmath\amsopn.st
y"
Package: amsopn 2016/03/08 v2.02 operator names
)
\inf@bad=\count186
LaTeX Info: Redefining \frac on input line 223.
\uproot@=\count187
\leftroot@=\count188
LaTeX Info: Redefining \overline on input line 385.
\classnum@=\count189
\DOTSCASE@=\count190
LaTeX Info: Redefining \ldots on input line 482.
LaTeX Info: Redefining \dots on input line 485.
LaTeX Info: Redefining \cdots on input line 606.
\Mathstrutbox@=\box44
\strutbox@=\box45
\big@size=\dimen141
LaTeX Font Info:    Redeclaring font encoding OML on input line 729.
LaTeX Font Info:    Redeclaring font encoding OMS on input line 730.
\macc@depth=\count191
\c@MaxMatrixCols=\count192
\dotsspace@=\muskip16
\c@parentequation=\count193
\dspbrk@lvl=\count194
\tag@help=\toks17
\row@=\count195
\column@=\count196
\maxfields@=\count197
\andhelp@=\toks18
\eqnshift@=\dimen142
\alignsep@=\dimen143
\tagshift@=\dimen144
\tagwidth@=\dimen145
\totwidth@=\dimen146
\lineht@=\dimen147
\@envbody=\toks19
\multlinegap=\skip76
\multlinetaggap=\skip77
\mathdisplay@stack=\toks20
LaTeX Info: Redefining \[ on input line 2844.
LaTeX Info: Redefining \] on input line 2845.
)
("C:\Users\julian\AppData\Local\Programs\MiKTeX 2.9\tex/latex/amsfonts\amssymb.
sty"
Package: amssymb 2013/01/14 v3.01 AMS font symbols

("C:\Users\julian\AppData\Local\Programs\MiKTeX 2.9\tex/latex/amsfonts\amsfonts
.sty"
Package: amsfonts 2013/01/14 v3.01 Basic AMSFonts support
\symAMSa=\mathgroup4
\symAMSb=\mathgroup5
LaTeX Font Info:    Overwriting math alphabet `\mathfrak' in version `bold'
(Font)                  U/euf/m/n --> U/euf/b/n on input line 106.
))
("C:\Users\julian\AppData\Local\Programs\MiKTeX 2.9\tex/generic/babel\babel.sty
"
Package: babel 2018/11/13 3.27 The Babel package

("C:\Users\julian\AppData\Local\Programs\MiKTeX 2.9\tex/generic/babel\switch.de
f"
File: switch.def 2018/11/13 3.27 Babel switching mechanism
)
*************************************
* Local config file bblopts.cfg used
*
("C:\Users\julian\AppData\Local\Programs\MiKTeX 2.9\tex/latex/arabi\bblopts.cfg
"
File: bblopts.cfg 2005/09/08 v0.1 add Arabic and Farsi to "declared" options of
 babel
)
("C:\Users\julian\AppData\Local\Programs\MiKTeX 2.9\tex/latex/babel-english\eng
lish.ldf"
Language: english 2017/06/06 v3.3r English support from the babel system

("C:\Users\julian\AppData\Local\Programs\MiKTeX 2.9\tex/generic/babel\babel.def
"
File: babel.def 2018/11/13 3.27 Babel common definitions
\babel@savecnt=\count198
\U@D=\dimen148

("C:\Users\julian\AppData\Local\Programs\MiKTeX 2.9\tex/generic/babel\txtbabel.
def")
\bbl@dirlevel=\count199
)
\l@canadian = a dialect from \language\l@american 
\l@australian = a dialect from \language\l@british 
\l@newzealand = a dialect from \language\l@british 
))
("C:\Users\julian\AppData\Local\Programs\MiKTeX 2.9\tex/latex/tools\array.sty"
Package: array 2018/12/30 v2.4k Tabular extension package (FMi)
\col@sep=\dimen149
\ar@mcellbox=\box46
\extrarowheight=\dimen150
\NC@list=\toks21
\extratabsurround=\skip78
\backup@length=\skip79
\ar@cellbox=\box47
)
("C:\Users\julian\AppData\Local\Programs\MiKTeX 2.9\tex/latex/pgf/frontendlayer
\tikz.sty"
("C:\Users\julian\AppData\Local\Programs\MiKTeX 2.9\tex/latex/pgf/basiclayer\pg
f.sty"
("C:\Users\julian\AppData\Local\Programs\MiKTeX 2.9\tex/latex/pgf/utilities\pgf
rcs.sty"
("C:\Users\julian\AppData\Local\Programs\MiKTeX 2.9\tex/generic/pgf/utilities\p
gfutil-common.tex"
\pgfutil@everybye=\toks22
\pgfutil@tempdima=\dimen151
\pgfutil@tempdimb=\dimen152

("C:\Users\julian\AppData\Local\Programs\MiKTeX 2.9\tex/generic/pgf/utilities\p
gfutil-common-lists.tex"))
("C:\Users\julian\AppData\Local\Programs\MiKTeX 2.9\tex/generic/pgf/utilities\p
gfutil-latex.def"
\pgfutil@abb=\box48

("C:\Users\julian\AppData\Local\Programs\MiKTeX 2.9\tex/latex/ms\everyshi.sty"
Package: everyshi 2001/05/15 v3.00 EveryShipout Package (MS)
))
("C:\Users\julian\AppData\Local\Programs\MiKTeX 2.9\tex/generic/pgf/utilities\p
gfrcs.code.tex"
("C:\Users\julian\AppData\Local\Programs\MiKTeX 2.9\tex/generic/pgf\pgf.revisio
n.tex")
Package: pgfrcs 2019/01/05 v3.1 (3.1)
))
Package: pgf 2019/01/05 v3.1 (3.1)

("C:\Users\julian\AppData\Local\Programs\MiKTeX 2.9\tex/latex/pgf/basiclayer\pg
fcore.sty"
("C:\Users\julian\AppData\Local\Programs\MiKTeX 2.9\tex/latex/pgf/systemlayer\p
gfsys.sty"
("C:\Users\julian\AppData\Local\Programs\MiKTeX 2.9\tex/generic/pgf/systemlayer
\pgfsys.code.tex"
Package: pgfsys 2019/01/05 v3.1 (3.1)

("C:\Users\julian\AppData\Local\Programs\MiKTeX 2.9\tex/generic/pgf/utilities\p
gfkeys.code.tex"
\pgfkeys@pathtoks=\toks23
\pgfkeys@temptoks=\toks24

("C:\Users\julian\AppData\Local\Programs\MiKTeX 2.9\tex/generic/pgf/utilities\p
gfkeysfiltered.code.tex"
\pgfkeys@tmptoks=\toks25
))
\pgf@x=\dimen153
\pgf@y=\dimen154
\pgf@xa=\dimen155
\pgf@ya=\dimen156
\pgf@xb=\dimen157
\pgf@yb=\dimen158
\pgf@xc=\dimen159
\pgf@yc=\dimen160
\w@pgf@writea=\write3
\r@pgf@reada=\read2
\c@pgf@counta=\count266
\c@pgf@countb=\count267
\c@pgf@countc=\count268
\c@pgf@countd=\count269
\t@pgf@toka=\toks26
\t@pgf@tokb=\toks27
\t@pgf@tokc=\toks28
\pgf@sys@id@count=\count270

("C:\Users\julian\AppData\Local\Programs\MiKTeX 2.9\tex/generic/pgf/systemlayer
\pgf.cfg"
File: pgf.cfg 2019/01/05 v3.1 (3.1)
)
Driver file for pgf: pgfsys-pdftex.def

("C:\Users\julian\AppData\Local\Programs\MiKTeX 2.9\tex/generic/pgf/systemlayer
\pgfsys-pdftex.def"
File: pgfsys-pdftex.def 2019/01/05 v3.1 (3.1)

("C:\Users\julian\AppData\Local\Programs\MiKTeX 2.9\tex/generic/pgf/systemlayer
\pgfsys-common-pdf.def"
File: pgfsys-common-pdf.def 2019/01/05 v3.1 (3.1)
)))
("C:\Users\julian\AppData\Local\Programs\MiKTeX 2.9\tex/generic/pgf/systemlayer
\pgfsyssoftpath.code.tex"
File: pgfsyssoftpath.code.tex 2019/01/05 v3.1 (3.1)
\pgfsyssoftpath@smallbuffer@items=\count271
\pgfsyssoftpath@bigbuffer@items=\count272
)
("C:\Users\julian\AppData\Local\Programs\MiKTeX 2.9\tex/generic/pgf/systemlayer
\pgfsysprotocol.code.tex"
File: pgfsysprotocol.code.tex 2019/01/05 v3.1 (3.1)
))
("C:\Users\julian\AppData\Local\Programs\MiKTeX 2.9\tex/generic/pgf/basiclayer\
pgfcore.code.tex"
Package: pgfcore 2019/01/05 v3.1 (3.1)

("C:\Users\julian\AppData\Local\Programs\MiKTeX 2.9\tex/generic/pgf/math\pgfmat
h.code.tex"
("C:\Users\julian\AppData\Local\Programs\MiKTeX 2.9\tex/generic/pgf/math\pgfmat
hcalc.code.tex"
("C:\Users\julian\AppData\Local\Programs\MiKTeX 2.9\tex/generic/pgf/math\pgfmat
hutil.code.tex")
("C:\Users\julian\AppData\Local\Programs\MiKTeX 2.9\tex/generic/pgf/math\pgfmat
hparser.code.tex"
\pgfmath@dimen=\dimen161
\pgfmath@count=\count273
\pgfmath@box=\box49
\pgfmath@toks=\toks29
\pgfmath@stack@operand=\toks30
\pgfmath@stack@operation=\toks31
)
("C:\Users\julian\AppData\Local\Programs\MiKTeX 2.9\tex/generic/pgf/math\pgfmat
hfunctions.code.tex"
("C:\Users\julian\AppData\Local\Programs\MiKTeX 2.9\tex/generic/pgf/math\pgfmat
hfunctions.basic.code.tex")
("C:\Users\julian\AppData\Local\Programs\MiKTeX 2.9\tex/generic/pgf/math\pgfmat
hfunctions.trigonometric.code.tex")
("C:\Users\julian\AppData\Local\Programs\MiKTeX 2.9\tex/generic/pgf/math\pgfmat
hfunctions.random.code.tex")
("C:\Users\julian\AppData\Local\Programs\MiKTeX 2.9\tex/generic/pgf/math\pgfmat
hfunctions.comparison.code.tex")
("C:\Users\julian\AppData\Local\Programs\MiKTeX 2.9\tex/generic/pgf/math\pgfmat
hfunctions.base.code.tex")
("C:\Users\julian\AppData\Local\Programs\MiKTeX 2.9\tex/generic/pgf/math\pgfmat
hfunctions.round.code.tex")
("C:\Users\julian\AppData\Local\Programs\MiKTeX 2.9\tex/generic/pgf/math\pgfmat
hfunctions.misc.code.tex")
("C:\Users\julian\AppData\Local\Programs\MiKTeX 2.9\tex/generic/pgf/math\pgfmat
hfunctions.integerarithmetics.code.tex")))
("C:\Users\julian\AppData\Local\Programs\MiKTeX 2.9\tex/generic/pgf/math\pgfmat
hfloat.code.tex"
\c@pgfmathroundto@lastzeros=\count274
))
("C:\Users\julian\AppData\Local\Programs\MiKTeX 2.9\tex/generic/pgf/basiclayer\
pgfcorepoints.code.tex"
File: pgfcorepoints.code.tex 2019/01/05 v3.1 (3.1)
\pgf@picminx=\dimen162
\pgf@picmaxx=\dimen163
\pgf@picminy=\dimen164
\pgf@picmaxy=\dimen165
\pgf@pathminx=\dimen166
\pgf@pathmaxx=\dimen167
\pgf@pathminy=\dimen168
\pgf@pathmaxy=\dimen169
\pgf@xx=\dimen170
\pgf@xy=\dimen171
\pgf@yx=\dimen172
\pgf@yy=\dimen173
\pgf@zx=\dimen174
\pgf@zy=\dimen175
)
("C:\Users\julian\AppData\Local\Programs\MiKTeX 2.9\tex/generic/pgf/basiclayer\
pgfcorepathconstruct.code.tex"
File: pgfcorepathconstruct.code.tex 2019/01/05 v3.1 (3.1)
\pgf@path@lastx=\dimen176
\pgf@path@lasty=\dimen177
)
("C:\Users\julian\AppData\Local\Programs\MiKTeX 2.9\tex/generic/pgf/basiclayer\
pgfcorepathusage.code.tex"
File: pgfcorepathusage.code.tex 2019/01/05 v3.1 (3.1)
\pgf@shorten@end@additional=\dimen178
\pgf@shorten@start@additional=\dimen179
)
("C:\Users\julian\AppData\Local\Programs\MiKTeX 2.9\tex/generic/pgf/basiclayer\
pgfcorescopes.code.tex"
File: pgfcorescopes.code.tex 2019/01/05 v3.1 (3.1)
\pgfpic=\box50
\pgf@hbox=\box51
\pgf@layerbox@main=\box52
\pgf@picture@serial@count=\count275
)
("C:\Users\julian\AppData\Local\Programs\MiKTeX 2.9\tex/generic/pgf/basiclayer\
pgfcoregraphicstate.code.tex"
File: pgfcoregraphicstate.code.tex 2019/01/05 v3.1 (3.1)
\pgflinewidth=\dimen180
)
("C:\Users\julian\AppData\Local\Programs\MiKTeX 2.9\tex/generic/pgf/basiclayer\
pgfcoretransformations.code.tex"
File: pgfcoretransformations.code.tex 2019/01/05 v3.1 (3.1)
\pgf@pt@x=\dimen181
\pgf@pt@y=\dimen182
\pgf@pt@temp=\dimen183
)
("C:\Users\julian\AppData\Local\Programs\MiKTeX 2.9\tex/generic/pgf/basiclayer\
pgfcorequick.code.tex"
File: pgfcorequick.code.tex 2019/01/05 v3.1 (3.1)
)
("C:\Users\julian\AppData\Local\Programs\MiKTeX 2.9\tex/generic/pgf/basiclayer\
pgfcoreobjects.code.tex"
File: pgfcoreobjects.code.tex 2019/01/05 v3.1 (3.1)
)
("C:\Users\julian\AppData\Local\Programs\MiKTeX 2.9\tex/generic/pgf/basiclayer\
pgfcorepathprocessing.code.tex"
File: pgfcorepathprocessing.code.tex 2019/01/05 v3.1 (3.1)
)
("C:\Users\julian\AppData\Local\Programs\MiKTeX 2.9\tex/generic/pgf/basiclayer\
pgfcorearrows.code.tex"
File: pgfcorearrows.code.tex 2019/01/05 v3.1 (3.1)
\pgfarrowsep=\dimen184
)
("C:\Users\julian\AppData\Local\Programs\MiKTeX 2.9\tex/generic/pgf/basiclayer\
pgfcoreshade.code.tex"
File: pgfcoreshade.code.tex 2019/01/05 v3.1 (3.1)
\pgf@max=\dimen185
\pgf@sys@shading@range@num=\count276
)
("C:\Users\julian\AppData\Local\Programs\MiKTeX 2.9\tex/generic/pgf/basiclayer\
pgfcoreimage.code.tex"
File: pgfcoreimage.code.tex 2019/01/05 v3.1 (3.1)

("C:\Users\julian\AppData\Local\Programs\MiKTeX 2.9\tex/generic/pgf/basiclayer\
pgfcoreexternal.code.tex"
File: pgfcoreexternal.code.tex 2019/01/05 v3.1 (3.1)
\pgfexternal@startupbox=\box53
))
("C:\Users\julian\AppData\Local\Programs\MiKTeX 2.9\tex/generic/pgf/basiclayer\
pgfcorelayers.code.tex"
File: pgfcorelayers.code.tex 2019/01/05 v3.1 (3.1)
)
("C:\Users\julian\AppData\Local\Programs\MiKTeX 2.9\tex/generic/pgf/basiclayer\
pgfcoretransparency.code.tex"
File: pgfcoretransparency.code.tex 2019/01/05 v3.1 (3.1)
)
("C:\Users\julian\AppData\Local\Programs\MiKTeX 2.9\tex/generic/pgf/basiclayer\
pgfcorepatterns.code.tex"
File: pgfcorepatterns.code.tex 2019/01/05 v3.1 (3.1)
)
("C:\Users\julian\AppData\Local\Programs\MiKTeX 2.9\tex/generic/pgf/basiclayer\
pgfcorerdf.code.tex"
File: pgfcorerdf.code.tex 2019/01/05 v3.1 (3.1)
)))
("C:\Users\julian\AppData\Local\Programs\MiKTeX 2.9\tex/generic/pgf/modules\pgf
moduleshapes.code.tex"
File: pgfmoduleshapes.code.tex 2019/01/05 v3.1 (3.1)
\pgfnodeparttextbox=\box54
)
("C:\Users\julian\AppData\Local\Programs\MiKTeX 2.9\tex/generic/pgf/modules\pgf
moduleplot.code.tex"
File: pgfmoduleplot.code.tex 2019/01/05 v3.1 (3.1)
)
("C:\Users\julian\AppData\Local\Programs\MiKTeX 2.9\tex/latex/pgf/compatibility
\pgfcomp-version-0-65.sty"
Package: pgfcomp-version-0-65 2019/01/05 v3.1 (3.1)
\pgf@nodesepstart=\dimen186
\pgf@nodesepend=\dimen187
)
("C:\Users\julian\AppData\Local\Programs\MiKTeX 2.9\tex/latex/pgf/compatibility
\pgfcomp-version-1-18.sty"
Package: pgfcomp-version-1-18 2019/01/05 v3.1 (3.1)
))
("C:\Users\julian\AppData\Local\Programs\MiKTeX 2.9\tex/latex/pgf/utilities\pgf
for.sty"
("C:\Users\julian\AppData\Local\Programs\MiKTeX 2.9\tex/latex/pgf/utilities\pgf
keys.sty"
("C:\Users\julian\AppData\Local\Programs\MiKTeX 2.9\tex/generic/pgf/utilities\p
gfkeys.code.tex"))
("C:\Users\julian\AppData\Local\Programs\MiKTeX 2.9\tex/latex/pgf/math\pgfmath.
sty"
("C:\Users\julian\AppData\Local\Programs\MiKTeX 2.9\tex/generic/pgf/math\pgfmat
h.code.tex"))
("C:\Users\julian\AppData\Local\Programs\MiKTeX 2.9\tex/generic/pgf/utilities\p
gffor.code.tex"
Package: pgffor 2019/01/05 v3.1 (3.1)

("C:\Users\julian\AppData\Local\Programs\MiKTeX 2.9\tex/generic/pgf/math\pgfmat
h.code.tex")
\pgffor@iter=\dimen188
\pgffor@skip=\dimen189
\pgffor@stack=\toks32
\pgffor@toks=\toks33
))
("C:\Users\julian\AppData\Local\Programs\MiKTeX 2.9\tex/generic/pgf/frontendlay
er/tikz\tikz.code.tex"
Package: tikz 2019/01/05 v3.1 (3.1)

("C:\Users\julian\AppData\Local\Programs\MiKTeX 2.9\tex/generic/pgf/libraries\p
gflibraryplothandlers.code.tex"
File: pgflibraryplothandlers.code.tex 2019/01/05 v3.1 (3.1)
\pgf@plot@mark@count=\count277
\pgfplotmarksize=\dimen190
)
\tikz@lastx=\dimen191
\tikz@lasty=\dimen192
\tikz@lastxsaved=\dimen193
\tikz@lastysaved=\dimen194
\tikzleveldistance=\dimen195
\tikzsiblingdistance=\dimen196
\tikz@figbox=\box55
\tikz@figbox@bg=\box56
\tikz@tempbox=\box57
\tikz@tempbox@bg=\box58
\tikztreelevel=\count278
\tikznumberofchildren=\count279
\tikznumberofcurrentchild=\count280
\tikz@fig@count=\count281

("C:\Users\julian\AppData\Local\Programs\MiKTeX 2.9\tex/generic/pgf/modules\pgf
modulematrix.code.tex"
File: pgfmodulematrix.code.tex 2019/01/05 v3.1 (3.1)
\pgfmatrixcurrentrow=\count282
\pgfmatrixcurrentcolumn=\count283
\pgf@matrix@numberofcolumns=\count284
)
\tikz@expandcount=\count285

("C:\Users\julian\AppData\Local\Programs\MiKTeX 2.9\tex/generic/pgf/frontendlay
er/tikz/libraries\tikzlibrarytopaths.code.tex"
File: tikzlibrarytopaths.code.tex 2019/01/05 v3.1 (3.1)
)))
("C:\Users\julian\AppData\Local\Programs\MiKTeX 2.9\tex/latex/pgf/frontendlayer
/libraries\tikzlibraryexternal.code.tex"
("C:\Users\julian\AppData\Local\Programs\MiKTeX 2.9\tex/generic/oberdiek\pdftex
cmds.sty"
Package: pdftexcmds 2018/09/10 v0.29 Utility functions of pdfTeX for LuaTeX (HO
)

("C:\Users\julian\AppData\Local\Programs\MiKTeX 2.9\tex/generic/oberdiek\ifluat
ex.sty"
Package: ifluatex 2016/05/16 v1.4 Provides the ifluatex switch (HO)
Package ifluatex Info: LuaTeX not detected.
)
Package pdftexcmds Info: LuaTeX not detected.
Package pdftexcmds Info: \pdf@primitive is available.
Package pdftexcmds Info: \pdf@ifprimitive is available.
Package pdftexcmds Info: \pdfdraftmode found.
)
("C:\Users\julian\AppData\Local\Programs\MiKTeX 2.9\tex/latex/oberdiek\atveryen
d.sty"
Package: atveryend 2016/05/16 v1.9 Hooks at the very end of document (HO)
)
("C:\Users\julian\AppData\Local\Programs\MiKTeX 2.9\tex/generic/pgf/frontendlay
er/tikz/libraries\tikzexternalshared.code.tex"))
("C:\Users\julian\AppData\Local\Programs\MiKTeX 2.9\tex/latex/caption\caption.s
ty"
Package: caption 2018/10/06 v3.3-154 Customizing captions (AR)

("C:\Users\julian\AppData\Local\Programs\MiKTeX 2.9\tex/latex/caption\caption3.
sty"
Package: caption3 2018/09/12 v1.8c caption3 kernel (AR)
Package caption3 Info: TeX engine: e-TeX on input line 64.
\captionmargin=\dimen197
\captionmargin@=\dimen198
\captionwidth=\dimen199
\caption@tempdima=\dimen256
\caption@indent=\dimen257
\caption@parindent=\dimen258
\caption@hangindent=\dimen259
)
Package caption Info: KOMA-Script document class.
\c@caption@flags=\count286
\c@ContinuedFloat=\count287
)
("C:\Users\julian\AppData\Local\Programs\MiKTeX 2.9\tex/latex/iftex\iftex.sty"
Package: iftex 2013/04/04 v0.2 Provides if(tex) conditional for PDFTeX, XeTeX, 
and LuaTeX
)
Package scrhack Info: hyperref hack deactivated because of
(scrhack)             detection of KOMA-Script class, that doesn't
(scrhack)             need that hack, on input line 115.

("C:\Users\julian\AppData\Local\Programs\MiKTeX 2.9\tex/latex/hyperref\hyperref
.sty"
Package: hyperref 2018/11/30 v6.88e Hypertext links for LaTeX

("C:\Users\julian\AppData\Local\Programs\MiKTeX 2.9\tex/generic/oberdiek\hobsub
-hyperref.sty"
Package: hobsub-hyperref 2016/05/16 v1.14 Bundle oberdiek, subset hyperref (HO)


("C:\Users\julian\AppData\Local\Programs\MiKTeX 2.9\tex/generic/oberdiek\hobsub
-generic.sty"
Package: hobsub-generic 2016/05/16 v1.14 Bundle oberdiek, subset generic (HO)
Package: hobsub 2016/05/16 v1.14 Construct package bundles (HO)
Package hobsub Info: Skipping package `infwarerr' (already loaded).
Package hobsub Info: Skipping package `ltxcmds' (already loaded).
Package hobsub Info: Skipping package `ifluatex' (already loaded).
Package: ifvtex 2016/05/16 v1.6 Detect VTeX and its facilities (HO)
Package ifvtex Info: VTeX not detected.
Package: intcalc 2016/05/16 v1.2 Expandable calculations with integers (HO)
Package hobsub Info: Skipping package `ifpdf' (already loaded).
Package: etexcmds 2016/05/16 v1.6 Avoid name clashes with e-TeX commands (HO)
Package: kvsetkeys 2016/05/16 v1.17 Key value parser (HO)
Package: kvdefinekeys 2016/05/16 v1.4 Define keys (HO)
Package hobsub Info: Skipping package `pdftexcmds' (already loaded).
Package: pdfescape 2016/05/16 v1.14 Implements pdfTeX's escape features (HO)
Package: bigintcalc 2016/05/16 v1.4 Expandable calculations on big integers (HO
)
Package: bitset 2016/05/16 v1.2 Handle bit-vector datatype (HO)
Package: uniquecounter 2016/05/16 v1.3 Provide unlimited unique counter (HO)
)
Package hobsub Info: Skipping package `hobsub' (already loaded).
Package: letltxmacro 2016/05/16 v1.5 Let assignment for LaTeX macros (HO)
Package: hopatch 2016/05/16 v1.3 Wrapper for package hooks (HO)
Package: xcolor-patch 2016/05/16 xcolor patch
Package hobsub Info: Skipping package `atveryend' (already loaded).
Package hobsub Info: Skipping package `atbegshi' (already loaded).
Package: refcount 2016/05/16 v3.5 Data extraction from label references (HO)
Package: hycolor 2016/05/16 v1.8 Color options for hyperref/bookmark (HO)
)
("C:\Users\julian\AppData\Local\Programs\MiKTeX 2.9\tex/generic/ifxetex\ifxetex
.sty"
Package: ifxetex 2010/09/12 v0.6 Provides ifxetex conditional
)
("C:\Users\julian\AppData\Local\Programs\MiKTeX 2.9\tex/latex/oberdiek\auxhook.
sty"
Package: auxhook 2016/05/16 v1.4 Hooks for auxiliary files (HO)
)
("C:\Users\julian\AppData\Local\Programs\MiKTeX 2.9\tex/latex/oberdiek\kvoption
s.sty"
Package: kvoptions 2016/05/16 v3.12 Key value format for package options (HO)
)
\@linkdim=\dimen260
\Hy@linkcounter=\count288
\Hy@pagecounter=\count289

("C:\Users\julian\AppData\Local\Programs\MiKTeX 2.9\tex/latex/hyperref\pd1enc.d
ef"
File: pd1enc.def 2018/11/30 v6.88e Hyperref: PDFDocEncoding definition (HO)
Now handling font encoding PD1 ...
... no UTF-8 mapping file for font encoding PD1
)
\Hy@SavedSpaceFactor=\count290

("C:\Users\julian\AppData\Local\Programs\MiKTeX 2.9\tex/latex/00miktex\hyperref
.cfg"
File: hyperref.cfg 2002/06/06 v1.2 hyperref configuration of TeXLive
)
Package hyperref Info: Hyper figures OFF on input line 4519.
Package hyperref Info: Link nesting OFF on input line 4524.
Package hyperref Info: Hyper index ON on input line 4527.
Package hyperref Info: Plain pages OFF on input line 4534.
Package hyperref Info: Backreferencing OFF on input line 4539.
Package hyperref Info: Implicit mode ON; LaTeX internals redefined.
Package hyperref Info: Bookmarks ON on input line 4772.
\c@Hy@tempcnt=\count291
 ("C:\Users\julian\AppData\Local\Programs\MiKTeX 2.9\tex/latex/url\url.sty"
\Urlmuskip=\muskip17
Package: url 2013/09/16  ver 3.4  Verb mode for urls, etc.
)
LaTeX Info: Redefining \url on input line 5125.
\XeTeXLinkMargin=\dimen261
\Fld@menulength=\count292
\Field@Width=\dimen262
\Fld@charsize=\dimen263
Package hyperref Info: Hyper figures OFF on input line 6380.
Package hyperref Info: Link nesting OFF on input line 6385.
Package hyperref Info: Hyper index ON on input line 6388.
Package hyperref Info: backreferencing OFF on input line 6395.
Package hyperref Info: Link coloring OFF on input line 6400.
Package hyperref Info: Link coloring with OCG OFF on input line 6405.
Package hyperref Info: PDF/A mode OFF on input line 6410.
LaTeX Info: Redefining \ref on input line 6450.
LaTeX Info: Redefining \pageref on input line 6454.
\Hy@abspage=\count293
\c@Item=\count294
\c@Hfootnote=\count295
)
Package hyperref Info: Driver: hpdftex.

("C:\Users\julian\AppData\Local\Programs\MiKTeX 2.9\tex/latex/hyperref\hpdftex.
def"
File: hpdftex.def 2018/11/30 v6.88e Hyperref driver for pdfTeX
\Fld@listcount=\count296
\c@bookmark@seq@number=\count297

("C:\Users\julian\AppData\Local\Programs\MiKTeX 2.9\tex/latex/oberdiek\rerunfil
echeck.sty"
Package: rerunfilecheck 2016/05/16 v1.8 Rerun checks for auxiliary files (HO)
Package uniquecounter Info: New unique counter `rerunfilecheck' on input line 2
82.
)
\Hy@SectionHShift=\skip80
)
Package hyperref Info: Option `colorlinks' set `true' on input line 158.

("C:\Users\julian\AppData\Local\Programs\MiKTeX 2.9\tex/latex/carlisle\remreset
.sty"

Package remreset Warning: The remreset package is obsolete:
(remreset)                \@removefomresset is defined.

)
LaTeX Font Info:    Try loading font information for OT1+phv on input line 404.

 ("C:\Users\julian\AppData\Local\Programs\MiKTeX 2.9\tex/latex/psnfss\ot1phv.fd
"
File: ot1phv.fd 2001/06/04 scalable font definitions for OT1/phv.
))
("C:\Users\julian\AppData\Local\Programs\MiKTeX 2.9\tex/latex/base\inputenc.sty
"
Package: inputenc 2018/08/11 v1.3c Input encoding file
\inpenc@prehook=\toks34
\inpenc@posthook=\toks35
)
("C:\Users\julian\AppData\Local\Programs\MiKTeX 2.9\tex/latex/base\fontenc.sty"
Package: fontenc 2018/08/11 v2.0j Standard LaTeX package
("C:\Users\julian\AppData\Local\Programs\MiKTeX 2.9\tex/latex/base\t1enc.def"
File: t1enc.def 2018/08/11 v2.0j Standard LaTeX file
LaTeX Font Info:    Redeclaring font encoding T1 on input line 48.
)
LaTeX Font Info:    Try loading font information for T1+phv on input line 105.

("C:\Users\julian\AppData\Local\Programs\MiKTeX 2.9\tex/latex/psnfss\t1phv.fd"
File: t1phv.fd 2001/06/04 scalable font definitions for T1/phv.
)) ("C:\Users\julian\AppData\Local\Programs\MiKTeX 2.9\tex/latex/cite\cite.sty"
LaTeX Info: Redefining \cite on input line 302.
LaTeX Info: Redefining \nocite on input line 332.
Package: cite 2015/02/27  v 5.5
) ("C:\Users\julian\AppData\Local\Programs\MiKTeX 2.9\tex/latex/natbib\natbib.s
ty"
Package: natbib 2010/09/13 8.31b (PWD, AO)


Package natbib Warning: The `cite' package should not be used
(natbib)                with natbib. Use option `sort' instead.

\bibhang=\skip81
\bibsep=\skip82
LaTeX Info: Redefining \cite on input line 694.
LaTeX Info: Redefining \citenum on input line 708.
\c@NAT@ctr=\count298
)
("C:\Users\julian\AppData\Local\Programs\MiKTeX 2.9\tex/latex/booktabs\booktabs
.sty"
Package: booktabs 2005/04/14 v1.61803 publication quality tables
\heavyrulewidth=\dimen264
\lightrulewidth=\dimen265
\cmidrulewidth=\dimen266
\belowrulesep=\dimen267
\belowbottomsep=\dimen268
\aboverulesep=\dimen269
\abovetopsep=\dimen270
\cmidrulesep=\dimen271
\cmidrulekern=\dimen272
\defaultaddspace=\dimen273
\@cmidla=\count299
\@cmidlb=\count300
\@aboverulesep=\dimen274
\@belowrulesep=\dimen275
\@thisruleclass=\count301
\@lastruleclass=\count302
\@thisrulewidth=\dimen276
)
("C:\Users\julian\AppData\Local\Programs\MiKTeX 2.9\tex/latex/wrapfig\wrapfig.s
ty"
\wrapoverhang=\dimen277
\WF@size=\dimen278
\c@WF@wrappedlines=\count303
\WF@box=\box59
\WF@everypar=\toks36
Package: wrapfig 2003/01/31  v 3.6
)
("C:\Users\julian\AppData\Local\Programs\MiKTeX 2.9\tex/latex/float\float.sty"
Package: float 2001/11/08 v1.3d Float enhancements (AL)
\c@float@type=\count304
\float@exts=\toks37
\float@box=\box60
\@float@everytoks=\toks38
\@floatcapt=\box61
)
Package scrhack Info: loading float hack on input line 30.

("C:\Users\julian\AppData\Local\Programs\MiKTeX 2.9\tex/latex/koma-script\float
.hak"
File: float.hak 2018/12/30 v3.26a KOMA-Script package (hacking package float)
Package scrhack Info: redefining \newfloat on input line 163.
Package scrhack Info: redefining \listof on input line 163.
Package scrhack Info: undefining \float@addtolists on input line 163.
)
\@float@every@table=\toks39

("C:\Users\julian\AppData\Local\Programs\MiKTeX 2.9\tex/latex/germbib\bibgerm.s
ty"
Package: bibgerm 2000/08/18 v0.1 Support for mixed language bibliographies

** Macros for german `BibTeX'ing added to Style Option `german' 20 Apr 1993 **
** idea and languages `german' and `USenglish' implemented by M. Wallmeier **
** Modified for LaTeX 2e and german.sty 2.5b by A. Scherer 1 Nov 1995 **
** Modified for ngerman.sty and babel.sty by H. Harders 21 August 2000 **)
("C:\Users\julian\AppData\Local\Programs\MiKTeX 2.9\tex/latex/listings\listings
.sty"
\lst@mode=\count305
\lst@gtempboxa=\box62
\lst@token=\toks40
\lst@length=\count306
\lst@currlwidth=\dimen279
\lst@column=\count307
\lst@pos=\count308
\lst@lostspace=\dimen280
\lst@width=\dimen281
\lst@newlines=\count309
\lst@lineno=\count310
\lst@maxwidth=\dimen282

("C:\Users\julian\AppData\Local\Programs\MiKTeX 2.9\tex/latex/listings\lstmisc.
sty"
File: lstmisc.sty 2018/09/02 1.7 (Carsten Heinz)
\c@lstnumber=\count311
\lst@skipnumbers=\count312
\lst@framebox=\box63
)
("C:\Users\julian\AppData\Local\Programs\MiKTeX 2.9\tex/latex/listings\listings
.cfg"
File: listings.cfg 2018/09/02 1.7 listings configuration
))
Package scrhack Info: loading listings hack on input line 41.

("C:\Users\julian\AppData\Local\Programs\MiKTeX 2.9\tex/latex/koma-script\listi
ngs.hak"
File: listings.hak 2018/12/30 v3.26a KOMA-Script package (hacking package listi
ngs)
Package tocbasic Info: setting babel extension for `lol' on input line 137.
Package scrhack Info: redefining \lstlistoflistings on input line 137.
)
Package: listings 2018/09/02 1.7 (Carsten Heinz)

("C:\Users\julian\AppData\Local\Programs\MiKTeX 2.9\tex/latex/listings\lstlang1
.sty"
File: lstlang1.sty 2018/09/02 1.7 listings language file
)
("C:\Users\julian\AppData\Local\Programs\MiKTeX 2.9\tex/latex/listings\lstlang2
.sty"
File: lstlang2.sty 2018/09/02 1.7 listings language file
)
("C:\Users\julian\AppData\Local\Programs\MiKTeX 2.9\tex/latex/listings\lstmisc.
sty"
File: lstmisc.sty 2018/09/02 1.7 (Carsten Heinz)
)
("C:\Users\julian\AppData\Local\Programs\MiKTeX 2.9\tex/latex/blindtext\blindte
xt.sty"
Package: blindtext 2012/01/06 V2.0 blindtext-Package

("C:\Users\julian\AppData\Local\Programs\MiKTeX 2.9\tex/latex/tools\xspace.sty"
Package: xspace 2014/10/28 v1.13 Space after command names (DPC,MH)
)
\c@blindtext=\count313
\c@Blindtext=\count314
\c@blind@countparstart=\count315
\blind@countxx=\count316
\blindtext@numBlindtext=\count317
\blind@countyy=\count318
\c@blindlist=\count319
\c@blindlistlevel=\count320
\c@blindlist@level=\count321
\blind@listitem=\count322
\c@blind@listcount=\count323
\c@blind@levelcount=\count324
\blind@mathformula=\count325
\blind@Mathformula=\count326
\c@blind@randomcount=\count327
\c@blind@randommax=\count328
\c@blind@pangramcount=\count329
\c@blind@pangrammax=\count330
)
\@input{outline.aux}
\openout2 = `outline.aux'.

(outline.tex) (BSP_MA_Code_BibTeX.aux (chapter/conflicting_paradigms.aux)
(chapter/motivation.aux) (chapter/compiler_as_mediator.aux) (chapter/coop.aux)
(chapter/source_transformations.aux) (chapter/project_scope_transformations.aux
) (chapter/measurements.aux) (chapter/conclusion.aux))
\openout1 = `BSP_MA_Code_BibTeX.aux'.

LaTeX Font Info:    Checking defaults for OML/cmm/m/it on input line 90.
LaTeX Font Info:    ... okay on input line 90.
LaTeX Font Info:    Checking defaults for T1/cmr/m/n on input line 90.
LaTeX Font Info:    ... okay on input line 90.
LaTeX Font Info:    Checking defaults for OT1/cmr/m/n on input line 90.
LaTeX Font Info:    ... okay on input line 90.
LaTeX Font Info:    Checking defaults for OMS/cmsy/m/n on input line 90.
LaTeX Font Info:    ... okay on input line 90.
LaTeX Font Info:    Checking defaults for OMX/cmex/m/n on input line 90.
LaTeX Font Info:    ... okay on input line 90.
LaTeX Font Info:    Checking defaults for U/cmr/m/n on input line 90.
LaTeX Font Info:    ... okay on input line 90.
LaTeX Font Info:    Checking defaults for PD1/pdf/m/n on input line 90.
LaTeX Font Info:    ... okay on input line 90.

("C:\Users\julian\AppData\Local\Programs\MiKTeX 2.9\tex/context/base\supp-pdf.m
kii"
[Loading MPS to PDF converter (version 2006.09.02).]
\scratchcounter=\count331
\scratchdimen=\dimen283
\scratchbox=\box64
\nofMPsegments=\count332
\nofMParguments=\count333
\everyMPshowfont=\toks41
\MPscratchCnt=\count334
\MPscratchDim=\dimen284
\MPnumerator=\count335
\makeMPintoPDFobject=\count336
\everyMPtoPDFconversion=\toks42
)
("C:\Users\julian\AppData\Local\Programs\MiKTeX 2.9\tex/latex/oberdiek\epstopdf
-base.sty"
Package: epstopdf-base 2016/05/15 v2.6 Base part for package epstopdf

("C:\Users\julian\AppData\Local\Programs\MiKTeX 2.9\tex/latex/oberdiek\grfext.s
ty"
Package: grfext 2016/05/16 v1.2 Manage graphics extensions (HO)
)
Package epstopdf-base Info: Redefining graphics rule for `.eps' on input line 4
38.
Package grfext Info: Graphics extension search list:
(grfext)             [.pdf,.png,.jpg,.mps,.jpeg,.jbig2,.jb2,.PDF,.PNG,.JPG,.JPE
G,.JBIG2,.JB2,.eps]
(grfext)             \AppendGraphicsExtensions on input line 456.
)
\AtBeginShipoutBox=\box65
 ABD: EveryShipout initializing macros
Package caption Info: Begin \AtBeginDocument code.
Package caption Info: float package is loaded.
Package caption Info: hyperref package is loaded.
Package caption Info: listings package is loaded.
Package caption Info: wrapfig package is loaded.
Package caption Info: End \AtBeginDocument code.
Package hyperref Info: Link coloring ON on input line 90.

("C:\Users\julian\AppData\Local\Programs\MiKTeX 2.9\tex/latex/hyperref\nameref.
sty"
Package: nameref 2016/05/21 v2.44 Cross-referencing by name of section

("C:\Users\julian\AppData\Local\Programs\MiKTeX 2.9\tex/generic/oberdiek\gettit
lestring.sty"
Package: gettitlestring 2016/05/16 v1.5 Cleanup title references (HO)
)
\c@section@level=\count337
)
LaTeX Info: Redefining \ref on input line 90.
LaTeX Info: Redefining \pageref on input line 90.
LaTeX Info: Redefining \nameref on input line 90.
 (BSP_MA_Code_BibTeX.out) (BSP_MA_Code_BibTeX.out)
\@outlinefile=\write4
\openout4 = `BSP_MA_Code_BibTeX.out'.

Class scrbook Info: loading recommended package `bookmark'.
(scrbook)           Using `bookmark' together with `hyperref' is recommended,
(scrbook)           because of handling of possible bookmark level gaps.
(scrbook)           You can avoid loading `bookmark' with KOMA-Script option
(scrbook)           `bookmarkpackage=false' before \begin{document} and
(scrbook)           you can avoid this message with `\usepackage{bookmark}'
(scrbook)           before \begin{document} on input line 90.

("C:\Users\julian\AppData\Local\Programs\MiKTeX 2.9\tex/latex/oberdiek\bookmark
.sty"
Package: bookmark 2016/05/17 v1.26 PDF bookmarks (HO)

("C:\Users\julian\AppData\Local\Programs\MiKTeX 2.9\tex/latex/oberdiek\bkm-pdft
ex.def"
File: bkm-pdftex.def 2016/05/17 v1.26 bookmark driver for pdfTeX (HO)
Package auxhook Info: \AddLineBeginMainAux comes a little late,
(auxhook)             because the main .aux file is already opened on input lin
e 164.
\BKM@id=\count338
))

bibgerm.sty: babel.sty detected

\c@lstlisting=\count339
Package scrhack Info: undefining \float@addtolists on input line 90.
LaTeX Font Info:    Font shape `T1/phv/bx/n' in size <10.95> not available
(Font)              Font shape `T1/phv/b/n' tried instead on input line 142.
LaTeX Font Info:    Try loading font information for U+msa on input line 142.
("C:\Users\julian\AppData\Local\Programs\MiKTeX 2.9\tex/latex/amsfonts\umsa.fd"
File: umsa.fd 2013/01/14 v3.01 AMS symbols A
)
LaTeX Font Info:    Try loading font information for U+msb on input line 142.
 ("C:\Users\julian\AppData\Local\Programs\MiKTeX 2.9\tex/latex/amsfonts\umsb.fd
"
File: umsb.fd 2013/01/14 v3.01 AMS symbols B
)
LaTeX Font Info:    Font shape `T1/phv/bx/n' in size <20.74> not available
(Font)              Font shape `T1/phv/b/n' tried instead on input line 142.
LaTeX Font Info:    Font shape `T1/phv/bx/n' in size <12> not available
(Font)              Font shape `T1/phv/b/n' tried instead on input line 142.
\TWLength=\skip83
\TWLengthA=\skip84
\TWLengthB=\skip85
<PICs/Arbeiten.jpg, id=6, 845.0772pt x 1195.1049pt>
File: PICs/Arbeiten.jpg Graphic file (type jpg)
<use PICs/Arbeiten.jpg>
Package pdftex.def Info: PICs/Arbeiten.jpg  used on input line 142.
(pdftex.def)             Requested size: 597.50742pt x 845.06563pt.
 [-9





{C:/Users/julian/AppData/Local/MiKTeX/2.9/pdftex/config/pdftex.map} <./PICs/Arb
eiten.jpg>] [-8

]
LaTeX Font Info:    Font shape `T1/phv/m/it' in size <10.95> not available
(Font)              Font shape `T1/phv/m/sl' tried instead on input line 142.
 [-7

] [-6

] (BSP_MA_Code_BibTeX.toc [-5

]
Overfull \hbox (1.29184pt too wide) detected at line 80
 []\T1/phv/b/n/10.95 102
 []


Overfull \hbox (1.29184pt too wide) detected at line 81
 []\T1/phv/b/n/10.95 103
 []


Overfull \hbox (1.29184pt too wide) detected at line 82
 []\T1/phv/b/n/10.95 105
 []

)
\tf@toc=\write5
\openout5 = `BSP_MA_Code_BibTeX.toc'.

 [-4]
\openout2 = `chapter/conflicting_paradigms.aux'.

 (chapter/conflicting_paradigms.tex
chapter 1.
<PICs/lang_ratings.png, id=163, 685.05937pt x 290.58563pt>
File: PICs/lang_ratings.png Graphic file (type png)
<use PICs/lang_ratings.png>
Package pdftex.def Info: PICs/lang_ratings.png  used on input line 14.
(pdftex.def)             Requested size: 456.25555pt x 193.53851pt.
[1


]
Package hyperref Info: bookmark level for unknown lstlisting defaults to 0 on i
nput line 18.
LaTeX Font Info:    Try loading font information for T1+pcr on input line 18.

("C:\Users\julian\AppData\Local\Programs\MiKTeX 2.9\tex/latex/psnfss\t1pcr.fd"
File: t1pcr.fd 2001/06/04 font definitions for T1/pcr.
)
LaTeX Font Info:    Font shape `T1/pcr/bx/n' in size <9> not available
(Font)              Font shape `T1/pcr/b/n' tried instead on input line 19.
[2 <./PICs/lang_ratings.png>]
<PICs/npcs_in_memory.png, id=200, 1454.43375pt x 188.705pt>
File: PICs/npcs_in_memory.png Graphic file (type png)
<use PICs/npcs_in_memory.png>
Package pdftex.def Info: PICs/npcs_in_memory.png  used on input line 29.
(pdftex.def)             Requested size: 456.25555pt x 59.19763pt.
LaTeX Font Info:    Font shape `T1/phv/m/it' in size <10> not available
(Font)              Font shape `T1/phv/m/sl' tried instead on input line 30.
LaTeX Font Info:    Font shape `T1/phv/m/it' in size <17.28> not available
(Font)              Font shape `T1/phv/m/sl' tried instead on input line 34.

Underfull \hbox (badness 10000) in paragraph at lines 35--36

 []

[3 <./PICs/npcs_in_memory.png>]
<PICs/cpu_memory_gap.png, id=223, 551.81157pt x 298.11375pt>
File: PICs/cpu_memory_gap.png Graphic file (type png)
<use PICs/cpu_memory_gap.png>
Package pdftex.def Info: PICs/cpu_memory_gap.png  used on input line 70.
(pdftex.def)             Requested size: 319.37749pt x 172.55128pt.
LaTeX Font Info:    Font shape `T1/phv/bx/it' in size <10> not available
(Font)              Font shape `T1/phv/b/it' tried instead on input line 78.
LaTeX Font Info:    Font shape `T1/phv/b/it' in size <10> not available
(Font)              Font shape `T1/phv/b/sl' tried instead on input line 78.
 [4]
<PICs/cachelayout.png, id=239, 255.95625pt x 224.33812pt>
File: PICs/cachelayout.png Graphic file (type png)
<use PICs/cachelayout.png>
Package pdftex.def Info: PICs/cachelayout.png  used on input line 88.
(pdftex.def)             Requested size: 182.49944pt x 159.95552pt.
 [5 <./PICs/cpu_memory_gap.png>]
LaTeX Font Info:    Try loading font information for OMS+phv on input line 96.

("C:\Users\julian\AppData\Local\Programs\MiKTeX 2.9\tex/latex/psnfss\omsphv.fd"
File: omsphv.fd 
)
LaTeX Font Info:    Font shape `OMS/phv/m/n' in size <10.95> not available
(Font)              Font shape `OMS/cmsy/m/n' tried instead on input line 96.
 [6 <./PICs/cachelayout.png>] [7] [8] [9]
Underfull \hbox (badness 10000) in paragraph at lines 173--175

 []


Underfull \hbox (badness 10000) in paragraph at lines 188--192

 []

[10] [11]
Overfull \hbox (2.3214pt too wide) in paragraph at lines 226--242
[]$[]$ $[]$ 
 []

[12] [13]
LaTeX Font Info:    Font shape `T1/pcr/m/it' in size <9> not available
(Font)              Font shape `T1/pcr/m/sl' tried instead on input line 263.
<PICs/CacheUtilizationNPC.png, id=367, 1117.17375pt x 261.97874pt>
File: PICs/CacheUtilizationNPC.png Graphic file (type png)
<use PICs/CacheUtilizationNPC.png>
Package pdftex.def Info: PICs/CacheUtilizationNPC.png  used on input line 279.
(pdftex.def)             Requested size: 456.2543pt x 136.88132pt.
 [14 <./PICs/CacheUtilizationNPC.png>]
<PICs/soa_aos_cl_usage.png, id=398, 602.25pt x 372.39125pt>
File: PICs/soa_aos_cl_usage.png Graphic file (type png)
<use PICs/soa_aos_cl_usage.png>
Package pdftex.def Info: PICs/soa_aos_cl_usage.png  used on input line 302.
(pdftex.def)             Requested size: 273.76686pt x 191.63306pt.
<PICs/CacheUtilizationNPCSOA.png, id=402, 1067.48813pt x 218.31563pt>
File: PICs/CacheUtilizationNPCSOA.png Graphic file (type png)
<use PICs/CacheUtilizationNPCSOA.png>
Package pdftex.def Info: PICs/CacheUtilizationNPCSOA.png  used on input line 31
0.
(pdftex.def)             Requested size: 456.2582pt x 77.56087pt.

Underfull \hbox (badness 2005) in paragraph at lines 305--315
\T1/phv/m/n/10.95 here is the size of three floats
 []


Underfull \hbox (badness 7168) in paragraph at lines 305--315
\T1/phv/m/n/10.95 cache-lines should be avoided,
 []


Underfull \hbox (badness 1975) in paragraph at lines 305--315
\T1/phv/m/n/10.95 since ac-cess to it will re-sult in
 []


Underfull \hbox (badness 10000) in paragraph at lines 305--315

 []

[15 <./PICs/soa_aos_cl_usage.png (PNG copy)>] [16 <./PICs/CacheUtilizationNPCSO
A.png>]
Underfull \hbox (badness 1924) in paragraph at lines 328--331
\T1/phv/m/n/10.95 log-i-cally re-lated data and cre-ate ar-rays of those
 []


Underfull \hbox (badness 10000) in paragraph at lines 328--331

 []

<PICs/CacheUtilizationNPCComp.png, id=430, 660.96938pt x 253.69781pt>
File: PICs/CacheUtilizationNPCComp.png Graphic file (type png)
<use PICs/CacheUtilizationNPCComp.png>
Package pdftex.def Info: PICs/CacheUtilizationNPCComp.png  used on input line 3
36.
(pdftex.def)             Requested size: 168.81223pt x 77.56158pt.

Underfull \hbox (badness 10000) in paragraph at lines 337--337
[][]|\T1/phv/m/n/10 Uni-fied/-Grouped rel-e-vant
 []

<PICs/memory_mountain.png, id=437, 640.64343pt x 424.58624pt>
File: PICs/memory_mountain.png Graphic file (type png)
<use PICs/memory_mountain.png>
Package pdftex.def Info: PICs/memory_mountain.png  used on input line 366.
(pdftex.def)             Requested size: 456.2579pt x 228.12643pt.
[17 <./PICs/CacheUtilizationNPCComp.png>] [18 <./PICs/memory_mountain.png>]
LaTeX Font Info:    Font shape `T1/phv/bx/it' in size <10.95> not available
(Font)              Font shape `T1/phv/b/it' tried instead on input line 395.
LaTeX Font Info:    Font shape `T1/phv/b/it' in size <10.95> not available
(Font)              Font shape `T1/phv/b/sl' tried instead on input line 395.

Underfull \hbox (badness 10000) in paragraph at lines 392--402

 []


Underfull \hbox (badness 10000) in paragraph at lines 392--402

 []

[19] [20]) [21]
\openout2 = `chapter/motivation.aux'.

 (chapter/motivation.tex
chapter 2.
[22


] [23]) [24]
\openout2 = `chapter/compiler_as_mediator.aux'.

 (chapter/compiler_as_mediator.tex
chapter 3.
<PICs/parse_tree.png, id=563, 943.27406pt x 321.45094pt>
File: PICs/parse_tree.png Graphic file (type png)
<use PICs/parse_tree.png>
Package pdftex.def Info: PICs/parse_tree.png  used on input line 17.
(pdftex.def)             Requested size: 146.00446pt x 79.6513pt.
[25


 <./PICs/parse_tree.png>]
<PICs/compiler_phases.png, id=581, 271.76532pt x 648.92438pt>
File: PICs/compiler_phases.png Graphic file (type png)
<use PICs/compiler_phases.png>
Package pdftex.def Info: PICs/compiler_phases.png  used on input line 28.
(pdftex.def)             Requested size: 136.8817pt x 298.70686pt.

Overfull \hbox (45.63199pt too wide) in paragraph at lines 28--29
 [] 
 []


Underfull \hbox (badness 10000) in paragraph at lines 30--30
[][]|\T1/phv/m/n/10 Phases
 []


Underfull \hbox (badness 10000) in paragraph at lines 30--30
\T1/phv/m/n/10 of a
 []


Underfull \hbox (badness 10000) in paragraph at lines 30--30
\T1/phv/m/n/10 com-piler
 []


Underfull \hbox (badness 10000) in paragraph at lines 30--30
\T1/phv/m/n/10 (Source:
 []

[26 <./PICs/compiler_phases.png>]
<PICs/foo_code_ast_dump.png, id=598, 874.01532pt x 283.0575pt>
File: PICs/foo_code_ast_dump.png Graphic file (type png)
<use PICs/foo_code_ast_dump.png>
Package pdftex.def Info: PICs/foo_code_ast_dump.png  used on input line 62.
(pdftex.def)             Requested size: 456.25099pt x 228.13506pt.
 [27 <./PICs/foo_code_ast_dump.png (PNG copy)>]
<PICs/clang_query_foo_code.png, id=620, 283.0575pt x 494.59781pt>
File: PICs/clang_query_foo_code.png Graphic file (type png)
<use PICs/clang_query_foo_code.png>
Package pdftex.def Info: PICs/clang_query_foo_code.png  used on input line 71.
(pdftex.def)             Requested size: 228.13506pt x 319.37917pt.

Underfull \hbox (badness 1371) in paragraph at lines 73--75
[]\T1/phv/m/n/10.95 In this tex-tual rep-re-sen-ta-tion of the AST
 []


Underfull \hbox (badness 10000) in paragraph at lines 73--75
\T1/phv/m/n/10.95 we can see what AST nodes make
 []


Underfull \hbox (badness 7888) in paragraph at lines 73--75
\T1/phv/m/n/10.95 up our record (\T1/phv/m/sl/10.95 CXXRecord-Decl, Field-
 []


Underfull \hbox (badness 4556) in paragraph at lines 73--75
\T1/phv/m/sl/10.95 Decl, \T1/phv/m/n/10.95 im-plicit \T1/phv/m/sl/10.95 CXXCon-
struc-torDecl\T1/phv/m/n/10.95 s) and
 []


Underfull \hbox (badness 3118) in paragraph at lines 73--75
\T1/phv/m/n/10.95 how it is used (\T1/phv/m/sl/10.95 CXXCon-struc-t-Expr, De-
 []


Underfull \hbox (badness 2865) in paragraph at lines 73--75
\T1/phv/m/sl/10.95 clRef-Expr\T1/phv/m/n/10.95 ). The \T1/phv/m/sl/10.95 clang-
query \T1/phv/m/n/10.95 tool (see
 []


Underfull \hbox (badness 7504) in paragraph at lines 73--75
\T1/phv/m/n/10.95 sec-tion [][]3.2[][]) of-fers a plat-form for im-
 []


Underfull \hbox (badness 4634) in paragraph at lines 73--75
\T1/phv/m/n/10.95 me-di-ate test-ing, with-out set-ting up the
 []


Underfull \hbox (badness 1184) in paragraph at lines 73--75
\T1/phv/m/n/10.95 rather com-plex struc-ture a clang tool re-
 []


Underfull \hbox (badness 1320) in paragraph at lines 73--75
\T1/phv/m/n/10.95 but also our record's def-i-ni-tion! This is
 []


Underfull \hbox (badness 1565) in paragraph at lines 73--75
\T1/phv/m/n/10.95 due to im-plicit state-ments be-ing han-dled
 []


Underfull \hbox (badness 7851) in paragraph at lines 73--75
\T1/phv/m/n/10.95 in the on-line AST Matcher Ref-er-ence
 []


Underfull \hbox (badness 10000) in paragraph at lines 73--75
\T1/phv/m/n/10.95 we will find the fol-low-ing doc-u-men-ta-
 []


Underfull \hbox (badness 10000) in paragraph at lines 73--75

 []

) [28 <./PICs/clang_query_foo_code.png (PNG copy)>]
\openout2 = `chapter/coop.aux'.

 (chapter/coop.tex
chapter 4.
[29


]
Underfull \hbox (badness 10000) in paragraph at lines 20--31

 []


Underfull \hbox (badness 10000) in paragraph at lines 20--31

 []


Underfull \hbox (badness 10000) in paragraph at lines 20--31

 []

[30] [31]
Underfull \hbox (badness 10000) in paragraph at lines 50--51

 []


Underfull \hbox (badness 10000) in paragraph at lines 50--51

 []

[32]
<PICs/npc_crosscheck_matrix.png, id=690, 679.53876pt x 289.08pt>
File: PICs/npc_crosscheck_matrix.png Graphic file (type png)
<use PICs/npc_crosscheck_matrix.png>
Package pdftex.def Info: PICs/npc_crosscheck_matrix.png  used on input line 78.

(pdftex.def)             Requested size: 319.3729pt x 136.87773pt.
 [33] [34 <./PICs/npc_crosscheck_matrix.png (PNG copy)>]
Underfull \hbox (badness 10000) in paragraph at lines 89--99

 []


Underfull \hbox (badness 10000) in paragraph at lines 89--99

 []

[35]
Underfull \hbox (badness 10000) in paragraph at lines 101--115

 []


Underfull \hbox (badness 10000) in paragraph at lines 101--115

 []


Underfull \hbox (badness 10000) in paragraph at lines 101--115

 []


Underfull \hbox (badness 10000) in paragraph at lines 101--115

 []

[36] [37]
Underfull \hbox (badness 1259) in paragraph at lines 143--147
[]\T1/phv/m/n/10.95 Now that we have found pro-ce-dures, solv-ing our
 []


Underfull \hbox (badness 10000) in paragraph at lines 143--147

 []

<PICs/npc_crosscheck_matrix_relations.png, id=749, 580.1675pt x 121.45375pt>
File: PICs/npc_crosscheck_matrix_relations.png Graphic file (type png)
<use PICs/npc_crosscheck_matrix_relations.png>
Package pdftex.def Info: PICs/npc_crosscheck_matrix_relations.png  used on inpu
t line 159.
(pdftex.def)             Requested size: 319.37637pt x 91.24944pt.

Underfull \hbox (badness 10000) in paragraph at lines 150--163

 []

[38] [39]
<PICs/avg_as_delimiter_1.png, id=787, 340.27126pt x 372.39125pt>
File: PICs/avg_as_delimiter_1.png Graphic file (type png)
<use PICs/avg_as_delimiter_1.png>
Package pdftex.def Info: PICs/avg_as_delimiter_1.png  used on input line 173.
(pdftex.def)             Requested size: 228.12593pt x 159.69325pt.
<PICs/avg_as_delimiter_2.png, id=788, 340.27126pt x 372.39125pt>
File: PICs/avg_as_delimiter_2.png Graphic file (type png)
<use PICs/avg_as_delimiter_2.png>
Package pdftex.def Info: PICs/avg_as_delimiter_2.png  used on input line 180.
(pdftex.def)             Requested size: 228.12593pt x 159.69325pt.
<PICs/avg_as_delimiter_3.png, id=789, 412.54124pt x 396.48125pt>
File: PICs/avg_as_delimiter_3.png Graphic file (type png)
<use PICs/avg_as_delimiter_3.png>
Package pdftex.def Info: PICs/avg_as_delimiter_3.png  used on input line 186.
(pdftex.def)             Requested size: 228.13217pt x 159.69075pt.
<PICs/avg_as_delimiter_4.png, id=790, 412.54124pt x 396.48125pt>
File: PICs/avg_as_delimiter_4.png Graphic file (type png)
<use PICs/avg_as_delimiter_4.png>
Package pdftex.def Info: PICs/avg_as_delimiter_4.png  used on input line 192.
(pdftex.def)             Requested size: 228.13217pt x 159.69075pt.

Overfull \hbox (18.86916pt too wide) in paragraph at lines 171--196
[][]   []
 []


Overfull \hbox (18.86916pt too wide) in paragraph at lines 171--196
[]   [] 
 []

<PICs/avg_as_delimiter_5.png, id=794, 412.54124pt x 396.48125pt>
File: PICs/avg_as_delimiter_5.png Graphic file (type png)
<use PICs/avg_as_delimiter_5.png>
Package pdftex.def Info: PICs/avg_as_delimiter_5.png  used on input line 203.
(pdftex.def)             Requested size: 228.13217pt x 159.69075pt.
<PICs/avg_as_delimiter_6.png, id=795, 612.2875pt x 396.48125pt>
File: PICs/avg_as_delimiter_6.png Graphic file (type png)
<use PICs/avg_as_delimiter_6.png>
Package pdftex.def Info: PICs/avg_as_delimiter_6.png  used on input line 210.
(pdftex.def)             Requested size: 228.12175pt x 159.69075pt.

Overfull \hbox (18.86916pt too wide) in paragraph at lines 201--214
[][]   [] 
 []


Underfull \hbox (badness 10000) in paragraph at lines 168--218

 []


Underfull \hbox (badness 10000) in paragraph at lines 168--218

 []


Underfull \hbox (badness 10000) in paragraph at lines 168--218

 []


Underfull \hbox (badness 10000) in paragraph at lines 168--218

 []

[40 <./PICs/npc_crosscheck_matrix_relations.png>] [41 <./PICs/avg_as_delimiter_
1.png (PNG copy)> <./PICs/avg_as_delimiter_2.png (PNG copy)> <./PICs/avg_as_del
imiter_3.png (PNG copy)> <./PICs/avg_as_delimiter_4.png (PNG copy)>]
<PICs/top_2.png, id=811, 340.27126pt x 407.5225pt>
File: PICs/top_2.png Graphic file (type png)
<use PICs/top_2.png>
Package pdftex.def Info: PICs/top_2.png  used on input line 225.
(pdftex.def)             Requested size: 228.12593pt x 182.50043pt.
<PICs/top_2_bad.png, id=812, 340.27126pt x 407.5225pt>
File: PICs/top_2_bad.png Graphic file (type png)
<use PICs/top_2_bad.png>
Package pdftex.def Info: PICs/top_2_bad.png  used on input line 230.
(pdftex.def)             Requested size: 228.12593pt x 182.50043pt.

Overfull \hbox (18.86916pt too wide) in paragraph at lines 223--232
[][]   [] 
 []

<PICs/delimiter_tiers.png, id=814, 412.54124pt x 396.48125pt>
File: PICs/delimiter_tiers.png Graphic file (type png)
<use PICs/delimiter_tiers.png>
Package pdftex.def Info: PICs/delimiter_tiers.png  used on input line 240.
(pdftex.def)             Requested size: 228.13217pt x 159.69075pt.
<PICs/delimiter_tiers_2.png, id=815, 340.27126pt x 372.39125pt>
File: PICs/delimiter_tiers_2.png Graphic file (type png)
<use PICs/delimiter_tiers_2.png>
Package pdftex.def Info: PICs/delimiter_tiers_2.png  used on input line 245.
(pdftex.def)             Requested size: 228.12593pt x 159.69325pt.

Overfull \hbox (18.86916pt too wide) in paragraph at lines 238--247
[][]   [] 
 []


Underfull \hbox (badness 10000) in paragraph at lines 220--251

 []

[42 <./PICs/avg_as_delimiter_5.png (PNG copy)> <./PICs/avg_as_delimiter_6.png (
PNG copy)>] [43 <./PICs/top_2.png (PNG copy)> <./PICs/top_2_bad.png (PNG copy)>
]
<PICs/delimiter_bad.png, id=832, 340.27126pt x 372.39125pt>
File: PICs/delimiter_bad.png Graphic file (type png)
<use PICs/delimiter_bad.png>
Package pdftex.def Info: PICs/delimiter_bad.png  used on input line 261.
(pdftex.def)             Requested size: 182.50282pt x 159.69325pt.

Underfull \hbox (badness 3088) in paragraph at lines 262--262
\T1/phv/m/n/10 rea-soned about and pro-vide equally
 []

<PICs/sig_order.png, id=833, 596.2275pt x 396.48125pt>
File: PICs/sig_order.png Graphic file (type png)
<use PICs/sig_order.png>
Package pdftex.def Info: PICs/sig_order.png  used on input line 268.
(pdftex.def)             Requested size: 228.12451pt x 159.69075pt.

Underfull \hbox (badness 4556) in paragraph at lines 269--269
[][]|\T1/phv/m/n/10 De-ter-mi-na-tion of sig-nif-i-cance groups
 []


Underfull \hbox (badness 1226) in paragraph at lines 269--269
\T1/phv/m/n/10 with field weight deltas. Nor-mal-ized
 []


Underfull \hbox (badness 1057) in paragraph at lines 269--269
\T1/phv/m/n/10 dif-fer-ences are pro-jected on the field
 []


Overfull \hbox (18.86916pt too wide) in paragraph at lines 259--272
[][]   [] 
 []


Underfull \hbox (badness 10000) in paragraph at lines 253--276

 []


Underfull \hbox (badness 10000) in paragraph at lines 253--276

 []

[44 <./PICs/delimiter_tiers.png> <./PICs/delimiter_tiers_2.png>] [45 <./PICs/de
limiter_bad.png (PNG copy)> <./PICs/sig_order.png (PNG copy)>]
<PICs/opt_possibility_1.png, id=852, 774.64406pt x 355.3275pt>
File: PICs/opt_possibility_1.png Graphic file (type png)
<use PICs/opt_possibility_1.png>
Package pdftex.def Info: PICs/opt_possibility_1.png  used on input line 295.
(pdftex.def)             Requested size: 228.12794pt x 136.88011pt.
<PICs/opt_possibility_2.png, id=853, 774.64406pt x 355.3275pt>
File: PICs/opt_possibility_2.png Graphic file (type png)
<use PICs/opt_possibility_2.png>
Package pdftex.def Info: PICs/opt_possibility_2.png  used on input line 302.
(pdftex.def)             Requested size: 228.12794pt x 136.88011pt.

Overfull \hbox (18.86916pt too wide) in paragraph at lines 293--306
[][]   [] 
 []


Underfull \hbox (badness 10000) in paragraph at lines 287--309

 []

[46]
<PICs/sig_order_final.png, id=862, 596.2275pt x 396.48125pt>
File: PICs/sig_order_final.png Graphic file (type png)
<use PICs/sig_order_final.png>
Package pdftex.def Info: PICs/sig_order_final.png  used on input line 319.
(pdftex.def)             Requested size: 365.00832pt x 228.13223pt.

Underfull \hbox (badness 10000) in paragraph at lines 315--326

 []


Underfull \hbox (badness 10000) in paragraph at lines 315--326

 []

[47 <./PICs/opt_possibility_1.png> <./PICs/opt_possibility_2.png>] [48 <./PICs/
sig_order_final.png (PNG copy)>]
Underfull \hbox (badness 10000) in paragraph at lines 328--330

 []


Underfull \hbox (badness 10000) in paragraph at lines 332--335

 []

[49]
Underfull \hbox (badness 10000) in paragraph at lines 344--350

 []


Underfull \hbox (badness 10000) in paragraph at lines 352--359

 []


Underfull \hbox (badness 10000) in paragraph at lines 352--359

 []

[50]
Underfull \hbox (badness 10000) in paragraph at lines 361--364

 []

[51] [52]
<PICs/bss_data_comparison.png, id=926, 395.4775pt x 107.40125pt>
File: PICs/bss_data_comparison.png Graphic file (type png)
<use PICs/bss_data_comparison.png>
Package pdftex.def Info: PICs/bss_data_comparison.png  used on input line 393.
(pdftex.def)             Requested size: 228.12796pt x 91.2505pt.

Underfull \hbox (badness 10000) in paragraph at lines 387--397

 []

[53] [54 <./PICs/bss_data_comparison.png (PNG copy)>]
Underfull \hbox (badness 1137) in paragraph at lines 416--419
\T1/phv/m/n/10.95 But now when-ever this re-sults in ad-di-tional bytes for pad
ding, we also ef-fec-tively in-
 []


Underfull \hbox (badness 10000) in paragraph at lines 425--428

 []


Underfull \hbox (badness 10000) in paragraph at lines 430--434

 []

[55] [56]
<PICs/free_list_in_memory.png, id=1007, 907.89188pt x 202.50656pt>
File: PICs/free_list_in_memory.png Graphic file (type png)
<use PICs/free_list_in_memory.png>
Package pdftex.def Info: PICs/free_list_in_memory.png  used on input line 481.
(pdftex.def)             Requested size: 392.38077pt x 136.88068pt.
 [57]
Underfull \hbox (badness 10000) in paragraph at lines 488--494

 []


Underfull \hbox (badness 10000) in paragraph at lines 488--494

 []


Underfull \hbox (badness 10000) in paragraph at lines 488--494

 []

[58 <./PICs/free_list_in_memory.png>]
Underfull \hbox (badness 10000) in paragraph at lines 509--519

 []


Underfull \hbox (badness 10000) in paragraph at lines 509--519

 []


Underfull \hbox (badness 10000) in paragraph at lines 509--519

 []

[59] [60]) [61]
\openout2 = `chapter/source_transformations.aux'.

 (chapter/source_transformations.tex
chapter 5.

Underfull \hbox (badness 10000) in paragraph at lines 2--6

 []

[62


]
Underfull \hbox (badness 10000) in paragraph at lines 54--55

 []

[63]
Underfull \hbox (badness 10000) in paragraph at lines 61--64

 []

[64]
Underfull \hbox (badness 10000) in paragraph at lines 71--75

 []


Underfull \hbox (badness 10000) in paragraph at lines 71--75

 []


Underfull \hbox (badness 10000) in paragraph at lines 80--82

 []

[65]
<PICs/particles.png, id=1138, 585.18625pt x 516.93124pt>
File: PICs/particles.png Graphic file (type png)
<use PICs/particles.png>
Package pdftex.def Info: PICs/particles.png  used on input line 90.
(pdftex.def)             Requested size: 228.13242pt x 159.687pt.
<PICs/particles_faulty.png, id=1139, 589.20125pt x 449.68pt>
File: PICs/particles_faulty.png Graphic file (type png)
<use PICs/particles_faulty.png>
Package pdftex.def Info: PICs/particles_faulty.png  used on input line 95.
(pdftex.def)             Requested size: 228.12431pt x 159.68896pt.

Overfull \hbox (18.86916pt too wide) in paragraph at lines 88--97
[][]   [] 
 []


Underfull \hbox (badness 10000) in paragraph at lines 84--106

 []


Underfull \hbox (badness 10000) in paragraph at lines 84--106

 []

[66 <./PICs/particles.png> <./PICs/particles_faulty.png>] [67]
Underfull \hbox (badness 10000) in paragraph at lines 111--119

 []

[68] [69])
Underfull \hbox (badness 10000) in paragraph at lines 165--150

 []

[70] [71]
\openout2 = `chapter/project_scope_transformations.aux'.

 (chapter/project_scope_transformations.tex
chapter 6.

Underfull \hbox (badness 10000) in paragraph at lines 2--10

 []


Underfull \hbox (badness 10000) in paragraph at lines 2--10

 []


Underfull \hbox (badness 10000) in paragraph at lines 2--10

 []

[72


]
<PICs/project_context.png, id=1223, 835.62187pt x 491.58656pt>
File: PICs/project_context.png Graphic file (type png)
<use PICs/project_context.png>
Package pdftex.def Info: PICs/project_context.png  used on input line 15.
(pdftex.def)             Requested size: 273.75423pt x 182.49925pt.

Underfull \hbox (badness 10000) in paragraph at lines 12--27

 []

[73] [74 <./PICs/project_context.png>] [75]
<PICs/recursion_context.png, id=1260, 835.62187pt x 846.91406pt>
File: PICs/recursion_context.png Graphic file (type png)
<use PICs/recursion_context.png>
Package pdftex.def Info: PICs/recursion_context.png  used on input line 50.
(pdftex.def)             Requested size: 273.75423pt x 191.62004pt.

Underfull \hbox (badness 3118) in paragraph at lines 53--63
\T1/phv/m/n/10.95 that our pro-cesses can in-ter-act
 []


Underfull \hbox (badness 4366) in paragraph at lines 53--63
\T1/phv/m/n/10.95 had, was that our op-ti-miza-tion
 []


Underfull \hbox (badness 1019) in paragraph at lines 53--63
\T1/phv/m/n/10.95 rectly de-pict the loop-depth of a
 []


Underfull \hbox (badness 10000) in paragraph at lines 53--63

 []


Underfull \hbox (badness 10000) in paragraph at lines 53--63

 []


Underfull \hbox (badness 10000) in paragraph at lines 53--63

 []


Underfull \hbox (badness 10000) in paragraph at lines 53--63

 []

[76 <./PICs/recursion_context.png>]) [77]
\openout2 = `chapter/measurements.aux'.

 (chapter/measurements.tex
chapter 7.
[78


]
<PICs/test_file_d_refs.png, id=1287, 437.635pt x 270.00874pt>
File: PICs/test_file_d_refs.png Graphic file (type png)
<use PICs/test_file_d_refs.png>
Package pdftex.def Info: PICs/test_file_d_refs.png  used on input line 41.
(pdftex.def)             Requested size: 151.93248pt x 151.93309pt.
<PICs/test_file_d1_misses.png, id=1288, 437.635pt x 270.00874pt>
File: PICs/test_file_d1_misses.png Graphic file (type png)
<use PICs/test_file_d1_misses.png>
Package pdftex.def Info: PICs/test_file_d1_misses.png  used on input line 46.
(pdftex.def)             Requested size: 151.93248pt x 151.93309pt.
<PICs/test_file_lld_misses.png, id=1289, 437.635pt x 270.00874pt>
File: PICs/test_file_lld_misses.png Graphic file (type png)
<use PICs/test_file_lld_misses.png>
Package pdftex.def Info: PICs/test_file_lld_misses.png  used on input line 51.
(pdftex.def)             Requested size: 151.93248pt x 151.93309pt.
<PICs/test_file_execution_times.png, id=1292, 633.36626pt x 391.4625pt>
File: PICs/test_file_execution_times.png Graphic file (type png)
<use PICs/test_file_execution_times.png>
Package pdftex.def Info: PICs/test_file_execution_times.png  used on input line
 60.
(pdftex.def)             Requested size: 387.83151pt x 228.12955pt.
<PICs/test_file_miss_rates.png, id=1293, 633.36626pt x 391.4625pt>
File: PICs/test_file_miss_rates.png Graphic file (type png)
<use PICs/test_file_miss_rates.png>
Package pdftex.def Info: PICs/test_file_miss_rates.png  used on input line 69.
(pdftex.def)             Requested size: 387.83151pt x 228.12955pt.

Underfull \hbox (badness 10000) in paragraph at lines 37--76

 []


Underfull \hbox (badness 10000) in paragraph at lines 37--76

 []

[79 <./PICs/test_file_d_refs.png (PNG copy)> <./PICs/test_file_d1_misses.png (P
NG copy)> <./PICs/test_file_lld_misses.png (PNG copy)>] [80 <./PICs/test_file_e
xecution_times.png (PNG copy)>]
<PICs/particle_field_weights.png, id=1328, 697.60625pt x 463.7325pt>
File: PICs/particle_field_weights.png Graphic file (type png)
<use PICs/particle_field_weights.png>
Package pdftex.def Info: PICs/particle_field_weights.png  used on input line 84
.
(pdftex.def)             Requested size: 319.38058pt x 228.12955pt.
<PICs/delta_times.png, id=1332, 920.43875pt x 569.12625pt>
File: PICs/delta_times.png Graphic file (type png)
<use PICs/delta_times.png>
Package pdftex.def Info: PICs/delta_times.png  used on input line 92.
(pdftex.def)             Requested size: 365.00891pt x 273.76802pt.
<PICs/delta_times_fire.png, id=1334, 920.43875pt x 569.12625pt>
File: PICs/delta_times_fire.png Graphic file (type png)
<use PICs/delta_times_fire.png>
Package pdftex.def Info: PICs/delta_times_fire.png  used on input line 102.
(pdftex.def)             Requested size: 365.00891pt x 273.76802pt.

Underfull \hbox (badness 10000) in paragraph at lines 78--108

 []


Underfull \hbox (badness 10000) in paragraph at lines 78--108

 []


Underfull \hbox (badness 10000) in paragraph at lines 78--108

 []


Underfull \hbox (badness 10000) in paragraph at lines 78--108

 []

[81 <./PICs/test_file_miss_rates.png (PNG copy)>] [82 <./PICs/particle_field_we
ights.png (PNG copy)>] [83 <./PICs/delta_times.png (PNG copy)>]) [84 <./PICs/de
lta_times_fire.png (PNG copy)>]
\openout2 = `chapter/conclusion.aux'.

 (chapter/conclusion.tex
chapter 8.

Underfull \hbox (badness 10000) in paragraph at lines 19--22

 []

[85


]
Underfull \hbox (badness 10000) in paragraph at lines 24--33

 []


Underfull \hbox (badness 10000) in paragraph at lines 24--33

 []


Underfull \hbox (badness 10000) in paragraph at lines 24--33

 []

[86] [87]
<PICs/inheritance_split.png, id=1378, 1059.20718pt x 268.75406pt>
File: PICs/inheritance_split.png Graphic file (type png)
<use PICs/inheritance_split.png>
Package pdftex.def Info: PICs/inheritance_split.png  used on input line 53.
(pdftex.def)             Requested size: 378.69603pt x 114.06517pt.
<PICs/inheritance_split_2.png, id=1381, 1058.45438pt x 260.47313pt>
File: PICs/inheritance_split_2.png Graphic file (type png)
<use PICs/inheritance_split_2.png>
Package pdftex.def Info: PICs/inheritance_split_2.png  used on input line 61.
(pdftex.def)             Requested size: 378.68529pt x 114.06401pt.

Underfull \hbox (badness 10000) in paragraph at lines 49--68

 []


Underfull \hbox (badness 10000) in paragraph at lines 49--68

 []


Underfull \hbox (badness 10000) in paragraph at lines 49--68

 []


Underfull \hbox (badness 10000) in paragraph at lines 49--68

 []

[88 <./PICs/inheritance_split.png>] [89 <./PICs/inheritance_split_2.png>]
Underfull \hbox (badness 10000) in paragraph at lines 79--84

 []

[90] [91]
Underfull \hbox (badness 10000) in paragraph at lines 105--108

 []

[92])
Underfull \hbox (badness 10000) in paragraph at lines 127--153

 []


Underfull \hbox (badness 10000) in paragraph at lines 127--153

 []


Underfull \hbox (badness 10000) in paragraph at lines 127--153

 []

[93] [94] [95] (BSP_MA_Code_BibTeX.bbl
chapter without number
LaTeX Font Info:    Font shape `OMS/phv/m/it' in size <10.95> not available
(Font)              Font shape `OMS/cmsy/m/n' tried instead on input line 9.

Underfull \hbox (badness 6380) in paragraph at lines 9--12
[]\T1/phv/m/sl/10.95 Intel[] SPMD Pro-gram Com-piler User's Guide\T1/phv/m/n/10
.95 .  [][]$http : / / ispc . github . io / ispc . html #
 []

[96


] [97]
Underfull \hbox (badness 1314) in paragraph at lines 199--204
[]\T1/phv/m/sc/10.95 Panchenko, M.\T1/phv/m/n/10.95 : \T1/phv/m/sl/10.95 Ac-cel
-er-ate large-scale ap-pli-ca-tions with BOLT\T1/phv/m/n/10.95 .  [][]$https : 
/ / code . fb .
 []


Underfull \hbox (badness 2134) in paragraph at lines 206--210
[]\T1/phv/m/sc/10.95 Raymond, E. S.\T1/phv/m/n/10.95 : \T1/phv/m/sl/10.95 The L
ost Art of Struc-ture Pack-ing\T1/phv/m/n/10.95 .  [][]$http : / / www . catb .
 org / esr /
 []


Underfull \hbox (badness 1895) in paragraph at lines 219--224
[]\T1/phv/m/sc/10.95 S., A.\T1/phv/m/n/10.95 : \T1/phv/m/sl/10.95 Mem-ory Lay-o
ut Trans-for-ma-tions\T1/phv/m/n/10.95 .  [][]$https : / / software . intel . c
om / en-[]us / articles /
 []


Underfull \hbox (badness 10000) in paragraph at lines 226--232
[]\T1/phv/m/sc/10.95 Stefan Reinal-ter, D.\T1/phv/m/n/10.95 : \T1/phv/m/sl/10.9
5 Im-ple-ment-ing a semi-automatic structure-of-
 []


Underfull \hbox (badness 10000) in paragraph at lines 226--232
\T1/phv/m/sl/10.95 arrays data con-tainer\T1/phv/m/n/10.95 .  [][]$https : / / 
blog . molecular-[]matters . com / 2013 / 10 / 22 /
 []


Underfull \hbox (badness 6412) in paragraph at lines 226--232
\T1/phv/m/n/10.95 implementing-[]a-[]semi-[]automatic-[]structure-[]of-[]arrays
-[]data-[]container/$[][], 2013.  [On-line;
 []

) [98] (BSP_MA_Code_BibTeX.lof [99

] [100])
\tf@lof=\write6
\openout6 = `BSP_MA_Code_BibTeX.lof'.

 [101] (BSP_MA_Code_BibTeX.lot)
\tf@lot=\write7
\openout7 = `BSP_MA_Code_BibTeX.lot'.


[102

] (BSP_MA_Code_BibTeX.lol [103

])
\tf@lol=\write8
\openout8 = `BSP_MA_Code_BibTeX.lol'.

 [104] [105

]
Package atveryend Info: Empty hook `BeforeClearDocument' on input line 205.
Package atveryend Info: Empty hook `AfterLastShipout' on input line 205.
 (BSP_MA_Code_BibTeX.aux
(chapter/conflicting_paradigms.aux) (chapter/motivation.aux)
(chapter/compiler_as_mediator.aux) (chapter/coop.aux)
(chapter/source_transformations.aux) (chapter/project_scope_transformations.aux
) (chapter/measurements.aux) (chapter/conclusion.aux))
Package atveryend Info: Executing hook `AtVeryEndDocument' on input line 205.
Package atveryend Info: Executing hook `AtEndAfterFileList' on input line 205.
Package rerunfilecheck Info: File `BSP_MA_Code_BibTeX.out' has not changed.
(rerunfilecheck)             Checksum: D41D8CD98F00B204E9800998ECF8427E;0.
 ) 
Here is how much of TeX's memory you used:
 36397 strings out of 492946
 678353 string characters out of 3125822
 1029975 words of memory out of 3000000
 38918 multiletter control sequences out of 15000+200000
 602110 words of font info for 98 fonts, out of 3000000 for 9000
 1141 hyphenation exceptions out of 8191
 71i,16n,80p,9151b,1956s stack positions out of 5000i,500n,10000p,200000b,50000s
{C:/Users/julian/AppData/Local/Programs/MiKTeX 2.9/fonts/enc/dvips/base/8r.en
c}<C:/Users/julian/AppData/Local/Programs/MiKTeX 2.9/fonts/type1/public/amsfont
s/cm/cmex10.pfb><C:/Users/julian/AppData/Local/Programs/MiKTeX 2.9/fonts/type1/
public/amsfonts/cm/cmmi10.pfb><C:/Users/julian/AppData/Local/Programs/MiKTeX 2.
9/fonts/type1/public/amsfonts/cm/cmmi6.pfb><C:/Users/julian/AppData/Local/Progr
ams/MiKTeX 2.9/fonts/type1/public/amsfonts/cm/cmmi8.pfb><C:/Users/julian/AppDat
a/Local/Programs/MiKTeX 2.9/fonts/type1/public/amsfonts/cm/cmr10.pfb><C:/Users/
julian/AppData/Local/Programs/MiKTeX 2.9/fonts/type1/public/amsfonts/cm/cmr8.pf
b><C:/Users/julian/AppData/Local/Programs/MiKTeX 2.9/fonts/type1/public/amsfont
s/cm/cmsy10.pfb><C:/Users/julian/AppData/Local/Programs/MiKTeX 2.9/fonts/type1/
public/amsfonts/cm/cmsy8.pfb><C:/Users/julian/AppData/Local/Programs/MiKTeX 2.9
/fonts/type1/public/amsfonts/cm/cmsy9.pfb><C:/Users/julian/AppData/Local/Progra
ms/MiKTeX 2.9/fonts/type1/urw/courier/ucrb8a.pfb><C:/Users/julian/AppData/Local
/Programs/MiKTeX 2.9/fonts/type1/urw/courier/ucrr8a.pfb><C:/Users/julian/AppDat
a/Local/Programs/MiKTeX 2.9/fonts/type1/urw/courier/ucrro8a.pfb><C:/Users/julia
n/AppData/Local/Programs/MiKTeX 2.9/fonts/type1/urw/helvetic/uhvb8a.pfb><C:/Use
rs/julian/AppData/Local/Programs/MiKTeX 2.9/fonts/type1/urw/helvetic/uhvbo8a.pf
b><C:/Users/julian/AppData/Local/Programs/MiKTeX 2.9/fonts/type1/urw/helvetic/u
hvr8a.pfb><C:/Users/julian/AppData/Local/Programs/MiKTeX 2.9/fonts/type1/urw/he
lvetic/uhvro8a.pfb>
Output written on BSP_MA_Code_BibTeX.pdf (111 pages, 3372995 bytes).
PDF statistics:
 2042 PDF objects out of 2073 (max. 8388607)
 718 named destinations out of 1000 (max. 500000)
 704 words of extra memory for PDF output out of 10000 (max. 10000000)

